<?xml version="1.0" encoding="UTF-8"?>
<testng-results ignored="0" total="7" passed="7" failed="0" skipped="0">
  <reporter-output>
  </reporter-output>
  <suite started-at="2023-06-03T20:10:41 IST" name="Suite" finished-at="2023-06-03T20:15:32 IST" duration-ms="291620">
    <groups>
      <group name="cucumber">
        <method signature="AbstractTestNGCucumberTests.runScenario(io.cucumber.testng.PickleWrapper,io.cucumber.testng.FeatureWrapper)[pri:0, instance:testrunner.ProductDetails_TestRunner_1@429bffaa]" name="runScenario" class="io.cucumber.testng.AbstractTestNGCucumberTests"/>
        <method signature="AbstractTestNGCucumberTests.runScenario(io.cucumber.testng.PickleWrapper,io.cucumber.testng.FeatureWrapper)[pri:0, instance:testrunner.ProductDetails_TestRunner_2@6d4e5011]" name="runScenario" class="io.cucumber.testng.AbstractTestNGCucumberTests"/>
      </group> <!-- cucumber -->
    </groups>
    <test started-at="2023-06-03T20:10:41 IST" name="Test" finished-at="2023-06-03T20:15:32 IST" duration-ms="291620">
      <class name="testrunner.ProductDetails_TestRunner_1">
        <test-method is-config="true" signature="setUpClass(org.testng.ITestContext)[pri:0, instance:testrunner.ProductDetails_TestRunner_1@429bffaa]" started-at="2023-06-03T20:10:41 IST" name="setUpClass" finished-at="2023-06-03T20:10:42 IST" duration-ms="692" status="PASS">
          <params>
            <param index="0">
              <value>
                <![CDATA[org.testng.TestRunner@8c12524]]>
              </value>
            </param>
          </params>
          <reporter-output>
          </reporter-output>
        </test-method> <!-- setUpClass -->
        <test-method signature="runScenario(io.cucumber.testng.PickleWrapper,io.cucumber.testng.FeatureWrapper)[pri:0, instance:testrunner.ProductDetails_TestRunner_1@429bffaa]" started-at="2023-06-03T20:10:42 IST" name="runScenario" description="Runs Cucumber Scenarios" data-provider="scenarios" finished-at="2023-06-03T20:11:07 IST" duration-ms="25558" status="PASS">
          <params>
            <param index="0">
              <value>
                <![CDATA["Validate User navigates onto ProductList page"]]>
              </value>
            </param>
            <param index="1">
              <value>
                <![CDATA["ProductDetails"]]>
              </value>
            </param>
          </params>
          <reporter-output>
          </reporter-output>
        </test-method> <!-- runScenario -->
        <test-method signature="runScenario(io.cucumber.testng.PickleWrapper,io.cucumber.testng.FeatureWrapper)[pri:0, instance:testrunner.ProductDetails_TestRunner_1@429bffaa]" started-at="2023-06-03T20:11:07 IST" name="runScenario" description="Runs Cucumber Scenarios" data-provider="scenarios" finished-at="2023-06-03T20:11:41 IST" duration-ms="34153" status="PASS">
          <params>
            <param index="0">
              <value>
                <![CDATA["Validate ProductDetails page UI"]]>
              </value>
            </param>
            <param index="1">
              <value>
                <![CDATA["ProductDetails"]]>
              </value>
            </param>
          </params>
          <reporter-output>
          </reporter-output>
        </test-method> <!-- runScenario -->
        <test-method signature="runScenario(io.cucumber.testng.PickleWrapper,io.cucumber.testng.FeatureWrapper)[pri:0, instance:testrunner.ProductDetails_TestRunner_1@429bffaa]" started-at="2023-06-03T20:11:41 IST" name="runScenario" description="Runs Cucumber Scenarios" data-provider="scenarios" finished-at="2023-06-03T20:12:24 IST" duration-ms="43191" status="PASS">
          <params>
            <param index="0">
              <value>
                <![CDATA["Validate quantity field on ProductDetails page"]]>
              </value>
            </param>
            <param index="1">
              <value>
                <![CDATA["ProductDetails"]]>
              </value>
            </param>
          </params>
          <reporter-output>
          </reporter-output>
        </test-method> <!-- runScenario -->
        <test-method is-config="true" signature="tearDownClass()[pri:0, instance:testrunner.ProductDetails_TestRunner_1@429bffaa]" started-at="2023-06-03T20:12:24 IST" name="tearDownClass" finished-at="2023-06-03T20:12:25 IST" duration-ms="142" status="PASS">
          <reporter-output>
          </reporter-output>
        </test-method> <!-- tearDownClass -->
      </class> <!-- testrunner.ProductDetails_TestRunner_1 -->
      <class name="testrunner.ProductDetails_TestRunner_2">
        <test-method is-config="true" signature="setUpClass(org.testng.ITestContext)[pri:0, instance:testrunner.ProductDetails_TestRunner_2@6d4e5011]" started-at="2023-06-03T20:12:25 IST" name="setUpClass" finished-at="2023-06-03T20:12:25 IST" duration-ms="56" status="PASS">
          <params>
            <param index="0">
              <value>
                <![CDATA[org.testng.TestRunner@8c12524]]>
              </value>
            </param>
          </params>
          <reporter-output>
          </reporter-output>
        </test-method> <!-- setUpClass -->
        <test-method signature="runScenario(io.cucumber.testng.PickleWrapper,io.cucumber.testng.FeatureWrapper)[pri:0, instance:testrunner.ProductDetails_TestRunner_2@6d4e5011]" started-at="2023-06-03T20:12:25 IST" name="runScenario" description="Runs Cucumber Scenarios" data-provider="scenarios" finished-at="2023-06-03T20:13:08 IST" duration-ms="43402" status="PASS">
          <params>
            <param index="0">
              <value>
                <![CDATA["Verify Pincode functionality with valid data"]]>
              </value>
            </param>
            <param index="1">
              <value>
                <![CDATA["ProductDetails"]]>
              </value>
            </param>
          </params>
          <reporter-output>
          </reporter-output>
        </test-method> <!-- runScenario -->
        <test-method signature="runScenario(io.cucumber.testng.PickleWrapper,io.cucumber.testng.FeatureWrapper)[pri:0, instance:testrunner.ProductDetails_TestRunner_2@6d4e5011]" started-at="2023-06-03T20:13:08 IST" name="runScenario" description="Runs Cucumber Scenarios" data-provider="scenarios" finished-at="2023-06-03T20:13:51 IST" duration-ms="43108" status="PASS">
          <params>
            <param index="0">
              <value>
                <![CDATA["Verify Pincode functionality with valid data"]]>
              </value>
            </param>
            <param index="1">
              <value>
                <![CDATA["ProductDetails"]]>
              </value>
            </param>
          </params>
          <reporter-output>
          </reporter-output>
        </test-method> <!-- runScenario -->
        <test-method signature="runScenario(io.cucumber.testng.PickleWrapper,io.cucumber.testng.FeatureWrapper)[pri:0, instance:testrunner.ProductDetails_TestRunner_2@6d4e5011]" started-at="2023-06-03T20:13:51 IST" name="runScenario" description="Runs Cucumber Scenarios" data-provider="scenarios" finished-at="2023-06-03T20:14:37 IST" duration-ms="45515" status="PASS">
          <params>
            <param index="0">
              <value>
                <![CDATA["Verify Pincode functionality with invalid data"]]>
              </value>
            </param>
            <param index="1">
              <value>
                <![CDATA["ProductDetails"]]>
              </value>
            </param>
          </params>
          <reporter-output>
          </reporter-output>
        </test-method> <!-- runScenario -->
        <test-method signature="runScenario(io.cucumber.testng.PickleWrapper,io.cucumber.testng.FeatureWrapper)[pri:0, instance:testrunner.ProductDetails_TestRunner_2@6d4e5011]" started-at="2023-06-03T20:14:37 IST" name="runScenario" description="Runs Cucumber Scenarios" data-provider="scenarios" finished-at="2023-06-03T20:15:32 IST" duration-ms="55672" status="PASS">
          <params>
            <param index="0">
              <value>
                <![CDATA["Verify Pincode functionality with invalid data"]]>
              </value>
            </param>
            <param index="1">
              <value>
                <![CDATA["ProductDetails"]]>
              </value>
            </param>
          </params>
          <reporter-output>
          </reporter-output>
        </test-method> <!-- runScenario -->
        <test-method is-config="true" signature="tearDownClass()[pri:0, instance:testrunner.ProductDetails_TestRunner_2@6d4e5011]" started-at="2023-06-03T20:15:32 IST" name="tearDownClass" finished-at="2023-06-03T20:15:32 IST" duration-ms="68" status="PASS">
          <reporter-output>
          </reporter-output>
        </test-method> <!-- tearDownClass -->
      </class> <!-- testrunner.ProductDetails_TestRunner_2 -->
    </test> <!-- Test -->
  </suite> <!-- Suite -->
</testng-results>
