<?xml version="1.0" encoding="UTF-8"?>
<testsuite xmlns:xsi="http://www.w3.org/2001/XMLSchema-instance" xsi:noNamespaceSchemaLocation="https://maven.apache.org/surefire/maven-surefire-plugin/xsd/surefire-test-report.xsd" name="TestSuite" time="357.304" tests="11" errors="0" skipped="0" failures="5">
  <properties>
[...]
</properties>
  <testcase name="runScenario" classname="testrunner.ProductDetails_TestRunner_1" time="29.623"/>
  <testcase name="runScenario" classname="testrunner.ProductDetails_TestRunner_1" time="49.199"/>
  <testcase name="runScenario" classname="testrunner.ProductDetails_TestRunner_1" time="46.978"/>
  <testcase name="runScenario" classname="testrunner.ProductDetails_TestRunner_2" time="52.362"/>
  <testcase name="runScenario" classname="testrunner.ProductDetails_TestRunner_2" time="45.134"/>
  <testcase name="runScenario" classname="testrunner.ProductDetails_TestRunner_2" time="16.347">
    <failure message="element click intercepted: Element &lt;input name=&quot;q&quot; class=&quot;commonTextComp track_search_click&quot; type=&quot;text&quot; autocomplete=&quot;off&quot; placeholder=&quot;Search&quot;&gt; is not clickable at point (615, 70). Other element would receive the click: &lt;iframe marginheight=&quot;0&quot; marginwidth=&quot;0&quot; class=&quot;__st_preview_frame_bpn&quot; style=&quot;display: block; z-index: 16776272; height:100%; width:100%; position: fixed; visibility: visible; top: 0; overflow: hidden; bottom:0;&quot; frameborder=&quot;0&quot;&gt;&lt;/iframe&gt;&#10;  (Session info: chrome=114.0.5735.110)&#10;Build info: version: &apos;4.9.0&apos;, revision: &apos;d7057100a6&apos;&#10;System info: os.name: &apos;Windows 11&apos;, os.arch: &apos;amd64&apos;, os.version: &apos;10.0&apos;, java.version: &apos;17.0.6&apos;&#10;Driver info: org.openqa.selenium.chrome.ChromeDriver&#10;Command: [a45ee83872195f911070e532b2831699, clickElement {id=7F0C17E45BA9CC1F97C1D56313EEACD5_element_37}]&#10;Capabilities {acceptInsecureCerts: false, browserName: chrome, browserVersion: 114.0.5735.110, chrome: {chromedriverVersion: 113.0.5672.63 (0e1a4471d5ae..., userDataDir: C:\Program Files (x86)\scop...}, goog:chromeOptions: {debuggerAddress: localhost:55688}, networkConnectionEnabled: false, pageLoadStrategy: normal, platformName: WINDOWS, proxy: Proxy(), se:cdp: ws://localhost:55688/devtoo..., se:cdpVersion: 114.0.5735.110, setWindowRect: true, strictFileInteractability: false, timeouts: {implicit: 0, pageLoad: 300000, script: 30000}, unhandledPromptBehavior: dismiss and notify, webauthn:extension:credBlob: true, webauthn:extension:largeBlob: true, webauthn:extension:minPinLength: true, webauthn:extension:prf: true, webauthn:virtualAuthenticators: true}&#10;Element: [[ChromeDriver: chrome on WINDOWS (a45ee83872195f911070e532b2831699)] -&gt; xpath: //input[@class=&apos;commonTextComp track_search_click&apos;]]&#10;Session ID: a45ee83872195f911070e532b2831699" type="org.openqa.selenium.ElementClickInterceptedException"><![CDATA[org.openqa.selenium.ElementClickInterceptedException: 
element click intercepted: Element <input name="q" class="commonTextComp track_search_click" type="text" autocomplete="off" placeholder="Search"> is not clickable at point (615, 70). Other element would receive the click: <iframe marginheight="0" marginwidth="0" class="__st_preview_frame_bpn" style="display: block; z-index: 16776272; height:100%; width:100%; position: fixed; visibility: visible; top: 0; overflow: hidden; bottom:0;" frameborder="0"></iframe>
  (Session info: chrome=114.0.5735.110)
Build info: version: '4.9.0', revision: 'd7057100a6'
System info: os.name: 'Windows 11', os.arch: 'amd64', os.version: '10.0', java.version: '17.0.6'
Driver info: org.openqa.selenium.chrome.ChromeDriver
Command: [a45ee83872195f911070e532b2831699, clickElement {id=7F0C17E45BA9CC1F97C1D56313EEACD5_element_37}]
Capabilities {acceptInsecureCerts: false, browserName: chrome, browserVersion: 114.0.5735.110, chrome: {chromedriverVersion: 113.0.5672.63 (0e1a4471d5ae..., userDataDir: C:\Program Files (x86)\scop...}, goog:chromeOptions: {debuggerAddress: localhost:55688}, networkConnectionEnabled: false, pageLoadStrategy: normal, platformName: WINDOWS, proxy: Proxy(), se:cdp: ws://localhost:55688/devtoo..., se:cdpVersion: 114.0.5735.110, setWindowRect: true, strictFileInteractability: false, timeouts: {implicit: 0, pageLoad: 300000, script: 30000}, unhandledPromptBehavior: dismiss and notify, webauthn:extension:credBlob: true, webauthn:extension:largeBlob: true, webauthn:extension:minPinLength: true, webauthn:extension:prf: true, webauthn:virtualAuthenticators: true}
Element: [[ChromeDriver: chrome on WINDOWS (a45ee83872195f911070e532b2831699)] -> xpath: //input[@class='commonTextComp track_search_click']]
Session ID: a45ee83872195f911070e532b2831699
]]></failure>
    <system-out><![CDATA[
Scenario Outline: Verify Pincode functionality with invalid data          &amp#27;[90m# src/test/resources/features/ProductDetails2.feature:32&amp#27;[0m
Trusted Wall Painting, Home Painting & Waterproofing in India - Asian Paints
Create your dream home with our painting experts
  &amp#27;[32mGiven &amp#27;[0m&amp#27;[32mChrome is opened and Asianpaints app is opened&amp#27;[0m                    &amp#27;[90m# productdetails_stepdefinition_2.ProductDetails_StepDefinition_2.chrome_is_opened_and_asianpaints_app_is_opened()&amp#27;[0m
  &amp#27;[31mWhen &amp#27;[0m&amp#27;[31mUser searches the product&amp#27;[0m                                          &amp#27;[90m# productdetails_stepdefinition_2.ProductDetails_StepDefinition_2.user_searches_the_product()&amp#27;[0m
      &amp#27;[31morg.openqa.selenium.ElementClickInterceptedException: element click intercepted: Element <input name="q" class="commonTextComp track_search_click" type="text" autocomplete="off" placeholder="Search"> is not clickable at point (615, 70). Other element would receive the click: <iframe marginheight="0" marginwidth="0" class="__st_preview_frame_bpn" style="display: block; z-index: 16776272; height:100%; width:100%; position: fixed; visibility: visible; top: 0; overflow: hidden; bottom:0;" frameborder="0"></iframe>
  (Session info: chrome=114.0.5735.110)
Build info: version: '4.9.0', revision: 'd7057100a6'
System info: os.name: 'Windows 11', os.arch: 'amd64', os.version: '10.0', java.version: '17.0.6'
Driver info: org.openqa.selenium.chrome.ChromeDriver
Command: [a45ee83872195f911070e532b2831699, clickElement {id=7F0C17E45BA9CC1F97C1D56313EEACD5_element_37}]
Capabilities {acceptInsecureCerts: false, browserName: chrome, browserVersion: 114.0.5735.110, chrome: {chromedriverVersion: 113.0.5672.63 (0e1a4471d5ae..., userDataDir: C:\Program Files (x86)\scop...}, goog:chromeOptions: {debuggerAddress: localhost:55688}, networkConnectionEnabled: false, pageLoadStrategy: normal, platformName: WINDOWS, proxy: Proxy(), se:cdp: ws://localhost:55688/devtoo..., se:cdpVersion: 114.0.5735.110, setWindowRect: true, strictFileInteractability: false, timeouts: {implicit: 0, pageLoad: 300000, script: 30000}, unhandledPromptBehavior: dismiss and notify, webauthn:extension:credBlob: true, webauthn:extension:largeBlob: true, webauthn:extension:minPinLength: true, webauthn:extension:prf: true, webauthn:virtualAuthenticators: true}
Element: [[ChromeDriver: chrome on WINDOWS (a45ee83872195f911070e532b2831699)] -> xpath: //input[@class='commonTextComp track_search_click']]
Session ID: a45ee83872195f911070e532b2831699
	at java.base/jdk.internal.reflect.NativeConstructorAccessorImpl.newInstance0(Native Method)
	at java.base/jdk.internal.reflect.NativeConstructorAccessorImpl.newInstance(NativeConstructorAccessorImpl.java:77)
	at java.base/jdk.internal.reflect.DelegatingConstructorAccessorImpl.newInstance(DelegatingConstructorAccessorImpl.java:45)
	at java.base/java.lang.reflect.Constructor.newInstanceWithCaller(Constructor.java:499)
	at java.base/java.lang.reflect.Constructor.newInstance(Constructor.java:480)
	at org.openqa.selenium.remote.codec.w3c.W3CHttpResponseCodec.createException(W3CHttpResponseCodec.java:200)
	at org.openqa.selenium.remote.codec.w3c.W3CHttpResponseCodec.decode(W3CHttpResponseCodec.java:133)
	at org.openqa.selenium.remote.codec.w3c.W3CHttpResponseCodec.decode(W3CHttpResponseCodec.java:53)
	at org.openqa.selenium.remote.HttpCommandExecutor.execute(HttpCommandExecutor.java:193)
	at org.openqa.selenium.remote.service.DriverCommandExecutor.invokeExecute(DriverCommandExecutor.java:183)
	at org.openqa.selenium.remote.service.DriverCommandExecutor.execute(DriverCommandExecutor.java:158)
	at org.openqa.selenium.remote.RemoteWebDriver.execute(RemoteWebDriver.java:543)
	at org.openqa.selenium.remote.RemoteWebElement.execute(RemoteWebElement.java:257)
	at org.openqa.selenium.remote.RemoteWebElement.click(RemoteWebElement.java:78)
	at jdk.internal.reflect.GeneratedMethodAccessor71.invoke(Unknown Source)
	at java.base/jdk.internal.reflect.DelegatingMethodAccessorImpl.invoke(DelegatingMethodAccessorImpl.java:43)
	at java.base/java.lang.reflect.Method.invoke(Method.java:568)
	at org.openqa.selenium.support.pagefactory.internal.LocatingElementHandler.invoke(LocatingElementHandler.java:52)
	at jdk.proxy2/jdk.proxy2.$Proxy26.click(Unknown Source)
	at com.pages.Page01_LandingPage.productListPageNavigation1(Page01_LandingPage.java:84)
	at productdetails_stepdefinition_2.ProductDetails_StepDefinition_2.user_searches_the_product(ProductDetails_StepDefinition_2.java:73)
	at âœ½.User searches the product(file:///C:/Users/NBARBHUI/Desktop/My%20Main%20AsianPaints%20Project/AsianPaints_ProductDetails_Nurul/src/test/resources/features/ProductDetails2.feature:21)
&amp#27;[0m
  &amp#27;[36mAnd &amp#27;[0m&amp#27;[36mUser clicks on the product&amp#27;[0m                                          &amp#27;[90m# productdetails_stepdefinition_2.ProductDetails_StepDefinition_2.user_clicks_on_the_product()&amp#27;[0m
  &amp#27;[36mThen &amp#27;[0m&amp#27;[36mUser navigates onto the ProductList page&amp#27;[0m                           &amp#27;[90m# productdetails_stepdefinition_2.ProductDetails_StepDefinition_2.user_navigates_onto_the_product_list_page()&amp#27;[0m
  &amp#27;[36mAnd &amp#27;[0m&amp#27;[36mUser clicks on any listed item&amp#27;[0m                                      &amp#27;[90m# productdetails_stepdefinition_2.ProductDetails_StepDefinition_2.user_clicks_on_any_listed_item()&amp#27;[0m
  &amp#27;[36mThen &amp#27;[0m&amp#27;[36mProductDetails page is launched and fields are visible to the user&amp#27;[0m &amp#27;[90m# productdetails_stepdefinition_2.ProductDetails_StepDefinition_2.product_details_page_is_launched_and_fields_are_visible_to_the_user()&amp#27;[0m
  &amp#27;[36mWhen &amp#27;[0m&amp#27;[36mUser enters Pincode &amp#27;[0m&amp#27;[36m&amp#27;[1m"000000"&amp#27;[0m                                       &amp#27;[90m# productdetails_stepdefinition_2.ProductDetails_StepDefinition_2.user_enters_pincode(java.lang.String)&amp#27;[0m
  &amp#27;[36mAnd &amp#27;[0m&amp#27;[36mUser clicks on check button&amp#27;[0m                                         &amp#27;[90m# productdetails_stepdefinition_2.ProductDetails_StepDefinition_2.user_clicks_on_check_button()&amp#27;[0m
  &amp#27;[36mThen &amp#27;[0m&amp#27;[36mIt shows Pincode is not serviceable&amp#27;[0m                                &amp#27;[90m# productdetails_stepdefinition_2.ProductDetails_StepDefinition_2.it_shows_pincode_is_not_serviceable()&amp#27;[0m
]]></system-out>
    <system-err><![CDATA[Starting ChromeDriver 113.0.5672.63 (0e1a4471d5ae5bf128b1bd8f4d627c8cbd55f70c-refs/branch-heads/5672@{#912}) on port 32802
Only local connections are allowed.
Please see https://chromedriver.chromium.org/security-considerations for suggestions on keeping ChromeDriver safe.
ChromeDriver was started successfully.
[1686205336.370][WARNING]: This version of ChromeDriver has not been tested with Chrome version 114.
Jun 08, 2023 11:52:17 AM org.openqa.selenium.devtools.CdpVersionFinder findNearestMatch
WARNING: Unable to find an exact match for CDP version 114, so returning the closest version found: 112
]]></system-err>
  </testcase>
  <testcase name="runScenario" classname="testrunner.ProductDetails_TestRunner_2" time="14.904">
    <failure message="element click intercepted: Element &lt;input name=&quot;q&quot; class=&quot;commonTextComp track_search_click&quot; type=&quot;text&quot; autocomplete=&quot;off&quot; placeholder=&quot;Search&quot;&gt; is not clickable at point (615, 70). Other element would receive the click: &lt;iframe marginheight=&quot;0&quot; marginwidth=&quot;0&quot; class=&quot;__st_preview_frame_bpn&quot; style=&quot;display: block; z-index: 16776272; height:100%; width:100%; position: fixed; visibility: visible; top: 0; overflow: hidden; bottom:0;&quot; frameborder=&quot;0&quot;&gt;&lt;/iframe&gt;&#10;  (Session info: chrome=114.0.5735.110)&#10;Build info: version: &apos;4.9.0&apos;, revision: &apos;d7057100a6&apos;&#10;System info: os.name: &apos;Windows 11&apos;, os.arch: &apos;amd64&apos;, os.version: &apos;10.0&apos;, java.version: &apos;17.0.6&apos;&#10;Driver info: org.openqa.selenium.chrome.ChromeDriver&#10;Command: [4edf617adc4875033bf0d36a750474b2, clickElement {id=DDCEE084F39EEEAC3DDA544678243D9A_element_34}]&#10;Capabilities {acceptInsecureCerts: false, browserName: chrome, browserVersion: 114.0.5735.110, chrome: {chromedriverVersion: 113.0.5672.63 (0e1a4471d5ae..., userDataDir: C:\Program Files (x86)\scop...}, goog:chromeOptions: {debuggerAddress: localhost:55761}, networkConnectionEnabled: false, pageLoadStrategy: normal, platformName: WINDOWS, proxy: Proxy(), se:cdp: ws://localhost:55761/devtoo..., se:cdpVersion: 114.0.5735.110, setWindowRect: true, strictFileInteractability: false, timeouts: {implicit: 0, pageLoad: 300000, script: 30000}, unhandledPromptBehavior: dismiss and notify, webauthn:extension:credBlob: true, webauthn:extension:largeBlob: true, webauthn:extension:minPinLength: true, webauthn:extension:prf: true, webauthn:virtualAuthenticators: true}&#10;Element: [[ChromeDriver: chrome on WINDOWS (4edf617adc4875033bf0d36a750474b2)] -&gt; xpath: //input[@class=&apos;commonTextComp track_search_click&apos;]]&#10;Session ID: 4edf617adc4875033bf0d36a750474b2" type="org.openqa.selenium.ElementClickInterceptedException"><![CDATA[org.openqa.selenium.ElementClickInterceptedException: 
element click intercepted: Element <input name="q" class="commonTextComp track_search_click" type="text" autocomplete="off" placeholder="Search"> is not clickable at point (615, 70). Other element would receive the click: <iframe marginheight="0" marginwidth="0" class="__st_preview_frame_bpn" style="display: block; z-index: 16776272; height:100%; width:100%; position: fixed; visibility: visible; top: 0; overflow: hidden; bottom:0;" frameborder="0"></iframe>
  (Session info: chrome=114.0.5735.110)
Build info: version: '4.9.0', revision: 'd7057100a6'
System info: os.name: 'Windows 11', os.arch: 'amd64', os.version: '10.0', java.version: '17.0.6'
Driver info: org.openqa.selenium.chrome.ChromeDriver
Command: [4edf617adc4875033bf0d36a750474b2, clickElement {id=DDCEE084F39EEEAC3DDA544678243D9A_element_34}]
Capabilities {acceptInsecureCerts: false, browserName: chrome, browserVersion: 114.0.5735.110, chrome: {chromedriverVersion: 113.0.5672.63 (0e1a4471d5ae..., userDataDir: C:\Program Files (x86)\scop...}, goog:chromeOptions: {debuggerAddress: localhost:55761}, networkConnectionEnabled: false, pageLoadStrategy: normal, platformName: WINDOWS, proxy: Proxy(), se:cdp: ws://localhost:55761/devtoo..., se:cdpVersion: 114.0.5735.110, setWindowRect: true, strictFileInteractability: false, timeouts: {implicit: 0, pageLoad: 300000, script: 30000}, unhandledPromptBehavior: dismiss and notify, webauthn:extension:credBlob: true, webauthn:extension:largeBlob: true, webauthn:extension:minPinLength: true, webauthn:extension:prf: true, webauthn:virtualAuthenticators: true}
Element: [[ChromeDriver: chrome on WINDOWS (4edf617adc4875033bf0d36a750474b2)] -> xpath: //input[@class='commonTextComp track_search_click']]
Session ID: 4edf617adc4875033bf0d36a750474b2
]]></failure>
    <system-out><![CDATA[
Scenario Outline: Verify Pincode functionality with invalid data          &amp#27;[90m# src/test/resources/features/ProductDetails2.feature:33&amp#27;[0m
Trusted Wall Painting, Home Painting & Waterproofing in India - Asian Paints
Create your dream home with our painting experts
  &amp#27;[32mGiven &amp#27;[0m&amp#27;[32mChrome is opened and Asianpaints app is opened&amp#27;[0m                    &amp#27;[90m# productdetails_stepdefinition_2.ProductDetails_StepDefinition_2.chrome_is_opened_and_asianpaints_app_is_opened()&amp#27;[0m
  &amp#27;[31mWhen &amp#27;[0m&amp#27;[31mUser searches the product&amp#27;[0m                                          &amp#27;[90m# productdetails_stepdefinition_2.ProductDetails_StepDefinition_2.user_searches_the_product()&amp#27;[0m
      &amp#27;[31morg.openqa.selenium.ElementClickInterceptedException: element click intercepted: Element <input name="q" class="commonTextComp track_search_click" type="text" autocomplete="off" placeholder="Search"> is not clickable at point (615, 70). Other element would receive the click: <iframe marginheight="0" marginwidth="0" class="__st_preview_frame_bpn" style="display: block; z-index: 16776272; height:100%; width:100%; position: fixed; visibility: visible; top: 0; overflow: hidden; bottom:0;" frameborder="0"></iframe>
  (Session info: chrome=114.0.5735.110)
Build info: version: '4.9.0', revision: 'd7057100a6'
System info: os.name: 'Windows 11', os.arch: 'amd64', os.version: '10.0', java.version: '17.0.6'
Driver info: org.openqa.selenium.chrome.ChromeDriver
Command: [4edf617adc4875033bf0d36a750474b2, clickElement {id=DDCEE084F39EEEAC3DDA544678243D9A_element_34}]
Capabilities {acceptInsecureCerts: false, browserName: chrome, browserVersion: 114.0.5735.110, chrome: {chromedriverVersion: 113.0.5672.63 (0e1a4471d5ae..., userDataDir: C:\Program Files (x86)\scop...}, goog:chromeOptions: {debuggerAddress: localhost:55761}, networkConnectionEnabled: false, pageLoadStrategy: normal, platformName: WINDOWS, proxy: Proxy(), se:cdp: ws://localhost:55761/devtoo..., se:cdpVersion: 114.0.5735.110, setWindowRect: true, strictFileInteractability: false, timeouts: {implicit: 0, pageLoad: 300000, script: 30000}, unhandledPromptBehavior: dismiss and notify, webauthn:extension:credBlob: true, webauthn:extension:largeBlob: true, webauthn:extension:minPinLength: true, webauthn:extension:prf: true, webauthn:virtualAuthenticators: true}
Element: [[ChromeDriver: chrome on WINDOWS (4edf617adc4875033bf0d36a750474b2)] -> xpath: //input[@class='commonTextComp track_search_click']]
Session ID: 4edf617adc4875033bf0d36a750474b2
	at java.base/jdk.internal.reflect.NativeConstructorAccessorImpl.newInstance0(Native Method)
	at java.base/jdk.internal.reflect.NativeConstructorAccessorImpl.newInstance(NativeConstructorAccessorImpl.java:77)
	at java.base/jdk.internal.reflect.DelegatingConstructorAccessorImpl.newInstance(DelegatingConstructorAccessorImpl.java:45)
	at java.base/java.lang.reflect.Constructor.newInstanceWithCaller(Constructor.java:499)
	at java.base/java.lang.reflect.Constructor.newInstance(Constructor.java:480)
	at org.openqa.selenium.remote.codec.w3c.W3CHttpResponseCodec.createException(W3CHttpResponseCodec.java:200)
	at org.openqa.selenium.remote.codec.w3c.W3CHttpResponseCodec.decode(W3CHttpResponseCodec.java:133)
	at org.openqa.selenium.remote.codec.w3c.W3CHttpResponseCodec.decode(W3CHttpResponseCodec.java:53)
	at org.openqa.selenium.remote.HttpCommandExecutor.execute(HttpCommandExecutor.java:193)
	at org.openqa.selenium.remote.service.DriverCommandExecutor.invokeExecute(DriverCommandExecutor.java:183)
	at org.openqa.selenium.remote.service.DriverCommandExecutor.execute(DriverCommandExecutor.java:158)
	at org.openqa.selenium.remote.RemoteWebDriver.execute(RemoteWebDriver.java:543)
	at org.openqa.selenium.remote.RemoteWebElement.execute(RemoteWebElement.java:257)
	at org.openqa.selenium.remote.RemoteWebElement.click(RemoteWebElement.java:78)
	at jdk.internal.reflect.GeneratedMethodAccessor71.invoke(Unknown Source)
	at java.base/jdk.internal.reflect.DelegatingMethodAccessorImpl.invoke(DelegatingMethodAccessorImpl.java:43)
	at java.base/java.lang.reflect.Method.invoke(Method.java:568)
	at org.openqa.selenium.support.pagefactory.internal.LocatingElementHandler.invoke(LocatingElementHandler.java:52)
	at jdk.proxy2/jdk.proxy2.$Proxy26.click(Unknown Source)
	at com.pages.Page01_LandingPage.productListPageNavigation1(Page01_LandingPage.java:84)
	at productdetails_stepdefinition_2.ProductDetails_StepDefinition_2.user_searches_the_product(ProductDetails_StepDefinition_2.java:73)
	at âœ½.User searches the product(file:///C:/Users/NBARBHUI/Desktop/My%20Main%20AsianPaints%20Project/AsianPaints_ProductDetails_Nurul/src/test/resources/features/ProductDetails2.feature:21)
&amp#27;[0m
  &amp#27;[36mAnd &amp#27;[0m&amp#27;[36mUser clicks on the product&amp#27;[0m                                          &amp#27;[90m# productdetails_stepdefinition_2.ProductDetails_StepDefinition_2.user_clicks_on_the_product()&amp#27;[0m
  &amp#27;[36mThen &amp#27;[0m&amp#27;[36mUser navigates onto the ProductList page&amp#27;[0m                           &amp#27;[90m# productdetails_stepdefinition_2.ProductDetails_StepDefinition_2.user_navigates_onto_the_product_list_page()&amp#27;[0m
  &amp#27;[36mAnd &amp#27;[0m&amp#27;[36mUser clicks on any listed item&amp#27;[0m                                      &amp#27;[90m# productdetails_stepdefinition_2.ProductDetails_StepDefinition_2.user_clicks_on_any_listed_item()&amp#27;[0m
  &amp#27;[36mThen &amp#27;[0m&amp#27;[36mProductDetails page is launched and fields are visible to the user&amp#27;[0m &amp#27;[90m# productdetails_stepdefinition_2.ProductDetails_StepDefinition_2.product_details_page_is_launched_and_fields_are_visible_to_the_user()&amp#27;[0m
  &amp#27;[36mWhen &amp#27;[0m&amp#27;[36mUser enters Pincode &amp#27;[0m&amp#27;[36m&amp#27;[1m"000001"&amp#27;[0m                                       &amp#27;[90m# productdetails_stepdefinition_2.ProductDetails_StepDefinition_2.user_enters_pincode(java.lang.String)&amp#27;[0m
  &amp#27;[36mAnd &amp#27;[0m&amp#27;[36mUser clicks on check button&amp#27;[0m                                         &amp#27;[90m# productdetails_stepdefinition_2.ProductDetails_StepDefinition_2.user_clicks_on_check_button()&amp#27;[0m
  &amp#27;[36mThen &amp#27;[0m&amp#27;[36mIt shows Pincode is not serviceable&amp#27;[0m                                &amp#27;[90m# productdetails_stepdefinition_2.ProductDetails_StepDefinition_2.it_shows_pincode_is_not_serviceable()&amp#27;[0m
]]></system-out>
    <system-err><![CDATA[Starting ChromeDriver 113.0.5672.63 (0e1a4471d5ae5bf128b1bd8f4d627c8cbd55f70c-refs/branch-heads/5672@{#912}) on port 32878
Only local connections are allowed.
Please see https://chromedriver.chromium.org/security-considerations for suggestions on keeping ChromeDriver safe.
ChromeDriver was started successfully.
[1686205352.278][WARNING]: This version of ChromeDriver has not been tested with Chrome version 114.
Jun 08, 2023 11:52:33 AM org.openqa.selenium.devtools.CdpVersionFinder findNearestMatch
WARNING: Unable to find an exact match for CDP version 114, so returning the closest version found: 112
]]></system-err>
  </testcase>
  <testcase name="runScenario" classname="testrunner.ProductDetails_TestRunner_3" time="14.513">
    <failure message="element click intercepted: Element &lt;input name=&quot;q&quot; class=&quot;commonTextComp track_search_click&quot; type=&quot;text&quot; autocomplete=&quot;off&quot; placeholder=&quot;Search&quot;&gt; is not clickable at point (615, 70). Other element would receive the click: &lt;iframe marginheight=&quot;0&quot; marginwidth=&quot;0&quot; class=&quot;__st_preview_frame_bpn&quot; style=&quot;display: block; z-index: 16776272; height:100%; width:100%; position: fixed; visibility: visible; top: 0; overflow: hidden; bottom:0;&quot; frameborder=&quot;0&quot;&gt;&lt;/iframe&gt;&#10;  (Session info: chrome=114.0.5735.110)&#10;Build info: version: &apos;4.9.0&apos;, revision: &apos;d7057100a6&apos;&#10;System info: os.name: &apos;Windows 11&apos;, os.arch: &apos;amd64&apos;, os.version: &apos;10.0&apos;, java.version: &apos;17.0.6&apos;&#10;Driver info: org.openqa.selenium.chrome.ChromeDriver&#10;Command: [f663348ca2772de995c27d34a44ba7ed, clickElement {id=16FC5FDA82F94CF8F6A77F7B458E9777_element_39}]&#10;Capabilities {acceptInsecureCerts: false, browserName: chrome, browserVersion: 114.0.5735.110, chrome: {chromedriverVersion: 113.0.5672.63 (0e1a4471d5ae..., userDataDir: C:\Program Files (x86)\scop...}, goog:chromeOptions: {debuggerAddress: localhost:55844}, networkConnectionEnabled: false, pageLoadStrategy: normal, platformName: WINDOWS, proxy: Proxy(), se:cdp: ws://localhost:55844/devtoo..., se:cdpVersion: 114.0.5735.110, setWindowRect: true, strictFileInteractability: false, timeouts: {implicit: 0, pageLoad: 300000, script: 30000}, unhandledPromptBehavior: dismiss and notify, webauthn:extension:credBlob: true, webauthn:extension:largeBlob: true, webauthn:extension:minPinLength: true, webauthn:extension:prf: true, webauthn:virtualAuthenticators: true}&#10;Element: [[ChromeDriver: chrome on WINDOWS (f663348ca2772de995c27d34a44ba7ed)] -&gt; xpath: //input[@class=&apos;commonTextComp track_search_click&apos;]]&#10;Session ID: f663348ca2772de995c27d34a44ba7ed" type="org.openqa.selenium.ElementClickInterceptedException"><![CDATA[org.openqa.selenium.ElementClickInterceptedException: 
element click intercepted: Element <input name="q" class="commonTextComp track_search_click" type="text" autocomplete="off" placeholder="Search"> is not clickable at point (615, 70). Other element would receive the click: <iframe marginheight="0" marginwidth="0" class="__st_preview_frame_bpn" style="display: block; z-index: 16776272; height:100%; width:100%; position: fixed; visibility: visible; top: 0; overflow: hidden; bottom:0;" frameborder="0"></iframe>
  (Session info: chrome=114.0.5735.110)
Build info: version: '4.9.0', revision: 'd7057100a6'
System info: os.name: 'Windows 11', os.arch: 'amd64', os.version: '10.0', java.version: '17.0.6'
Driver info: org.openqa.selenium.chrome.ChromeDriver
Command: [f663348ca2772de995c27d34a44ba7ed, clickElement {id=16FC5FDA82F94CF8F6A77F7B458E9777_element_39}]
Capabilities {acceptInsecureCerts: false, browserName: chrome, browserVersion: 114.0.5735.110, chrome: {chromedriverVersion: 113.0.5672.63 (0e1a4471d5ae..., userDataDir: C:\Program Files (x86)\scop...}, goog:chromeOptions: {debuggerAddress: localhost:55844}, networkConnectionEnabled: false, pageLoadStrategy: normal, platformName: WINDOWS, proxy: Proxy(), se:cdp: ws://localhost:55844/devtoo..., se:cdpVersion: 114.0.5735.110, setWindowRect: true, strictFileInteractability: false, timeouts: {implicit: 0, pageLoad: 300000, script: 30000}, unhandledPromptBehavior: dismiss and notify, webauthn:extension:credBlob: true, webauthn:extension:largeBlob: true, webauthn:extension:minPinLength: true, webauthn:extension:prf: true, webauthn:virtualAuthenticators: true}
Element: [[ChromeDriver: chrome on WINDOWS (f663348ca2772de995c27d34a44ba7ed)] -> xpath: //input[@class='commonTextComp track_search_click']]
Session ID: f663348ca2772de995c27d34a44ba7ed
]]></failure>
    <system-out><![CDATA[
Scenario Outline: Verify Pincode functionality with valid data            &amp#27;[90m# src/test/resources/features/ProductDetails3.feature:16&amp#27;[0m
Trusted Wall Painting, Home Painting & Waterproofing in India - Asian Paints
Create your dream home with our painting experts
  &amp#27;[32mGiven &amp#27;[0m&amp#27;[32mChrome is opened and Asianpaints app is opened&amp#27;[0m                    &amp#27;[90m# productdetails_stepdefinition_3.ProductDetails_StepDefinition_3.chrome_is_opened_and_asianpaints_app_is_opened()&amp#27;[0m
  &amp#27;[31mWhen &amp#27;[0m&amp#27;[31mUser searches the product&amp#27;[0m                                          &amp#27;[90m# productdetails_stepdefinition_3.ProductDetails_StepDefinition_3.user_searches_the_product()&amp#27;[0m
      &amp#27;[31morg.openqa.selenium.ElementClickInterceptedException: element click intercepted: Element <input name="q" class="commonTextComp track_search_click" type="text" autocomplete="off" placeholder="Search"> is not clickable at point (615, 70). Other element would receive the click: <iframe marginheight="0" marginwidth="0" class="__st_preview_frame_bpn" style="display: block; z-index: 16776272; height:100%; width:100%; position: fixed; visibility: visible; top: 0; overflow: hidden; bottom:0;" frameborder="0"></iframe>
  (Session info: chrome=114.0.5735.110)
Build info: version: '4.9.0', revision: 'd7057100a6'
System info: os.name: 'Windows 11', os.arch: 'amd64', os.version: '10.0', java.version: '17.0.6'
Driver info: org.openqa.selenium.chrome.ChromeDriver
Command: [f663348ca2772de995c27d34a44ba7ed, clickElement {id=16FC5FDA82F94CF8F6A77F7B458E9777_element_39}]
Capabilities {acceptInsecureCerts: false, browserName: chrome, browserVersion: 114.0.5735.110, chrome: {chromedriverVersion: 113.0.5672.63 (0e1a4471d5ae..., userDataDir: C:\Program Files (x86)\scop...}, goog:chromeOptions: {debuggerAddress: localhost:55844}, networkConnectionEnabled: false, pageLoadStrategy: normal, platformName: WINDOWS, proxy: Proxy(), se:cdp: ws://localhost:55844/devtoo..., se:cdpVersion: 114.0.5735.110, setWindowRect: true, strictFileInteractability: false, timeouts: {implicit: 0, pageLoad: 300000, script: 30000}, unhandledPromptBehavior: dismiss and notify, webauthn:extension:credBlob: true, webauthn:extension:largeBlob: true, webauthn:extension:minPinLength: true, webauthn:extension:prf: true, webauthn:virtualAuthenticators: true}
Element: [[ChromeDriver: chrome on WINDOWS (f663348ca2772de995c27d34a44ba7ed)] -> xpath: //input[@class='commonTextComp track_search_click']]
Session ID: f663348ca2772de995c27d34a44ba7ed
	at java.base/jdk.internal.reflect.NativeConstructorAccessorImpl.newInstance0(Native Method)
	at java.base/jdk.internal.reflect.NativeConstructorAccessorImpl.newInstance(NativeConstructorAccessorImpl.java:77)
	at java.base/jdk.internal.reflect.DelegatingConstructorAccessorImpl.newInstance(DelegatingConstructorAccessorImpl.java:45)
	at java.base/java.lang.reflect.Constructor.newInstanceWithCaller(Constructor.java:499)
	at java.base/java.lang.reflect.Constructor.newInstance(Constructor.java:480)
	at org.openqa.selenium.remote.codec.w3c.W3CHttpResponseCodec.createException(W3CHttpResponseCodec.java:200)
	at org.openqa.selenium.remote.codec.w3c.W3CHttpResponseCodec.decode(W3CHttpResponseCodec.java:133)
	at org.openqa.selenium.remote.codec.w3c.W3CHttpResponseCodec.decode(W3CHttpResponseCodec.java:53)
	at org.openqa.selenium.remote.HttpCommandExecutor.execute(HttpCommandExecutor.java:193)
	at org.openqa.selenium.remote.service.DriverCommandExecutor.invokeExecute(DriverCommandExecutor.java:183)
	at org.openqa.selenium.remote.service.DriverCommandExecutor.execute(DriverCommandExecutor.java:158)
	at org.openqa.selenium.remote.RemoteWebDriver.execute(RemoteWebDriver.java:543)
	at org.openqa.selenium.remote.RemoteWebElement.execute(RemoteWebElement.java:257)
	at org.openqa.selenium.remote.RemoteWebElement.click(RemoteWebElement.java:78)
	at jdk.internal.reflect.GeneratedMethodAccessor71.invoke(Unknown Source)
	at java.base/jdk.internal.reflect.DelegatingMethodAccessorImpl.invoke(DelegatingMethodAccessorImpl.java:43)
	at java.base/java.lang.reflect.Method.invoke(Method.java:568)
	at org.openqa.selenium.support.pagefactory.internal.LocatingElementHandler.invoke(LocatingElementHandler.java:52)
	at jdk.proxy2/jdk.proxy2.$Proxy26.click(Unknown Source)
	at com.pages.Page01_LandingPage.productListPageNavigation1(Page01_LandingPage.java:84)
	at productdetails_stepdefinition_3.ProductDetails_StepDefinition_3.user_searches_the_product(ProductDetails_StepDefinition_3.java:81)
	at âœ½.User searches the product(file:///C:/Users/NBARBHUI/Desktop/My%20Main%20AsianPaints%20Project/AsianPaints_ProductDetails_Nurul/src/test/resources/features/ProductDetails3.feature:5)
&amp#27;[0m
  &amp#27;[36mAnd &amp#27;[0m&amp#27;[36mUser clicks on the product&amp#27;[0m                                          &amp#27;[90m# productdetails_stepdefinition_3.ProductDetails_StepDefinition_3.user_clicks_on_the_product()&amp#27;[0m
  &amp#27;[36mThen &amp#27;[0m&amp#27;[36mUser navigates onto the ProductList page&amp#27;[0m                           &amp#27;[90m# productdetails_stepdefinition_3.ProductDetails_StepDefinition_3.user_navigates_onto_the_product_list_page()&amp#27;[0m
  &amp#27;[36mAnd &amp#27;[0m&amp#27;[36mUser clicks on any listed item&amp#27;[0m                                      &amp#27;[90m# productdetails_stepdefinition_3.ProductDetails_StepDefinition_3.user_clicks_on_any_listed_item()&amp#27;[0m
  &amp#27;[36mThen &amp#27;[0m&amp#27;[36mProductDetails page is launched and fields are visible to the user&amp#27;[0m &amp#27;[90m# productdetails_stepdefinition_3.ProductDetails_StepDefinition_3.product_details_page_is_launched_and_fields_are_visible_to_the_user()&amp#27;[0m
  &amp#27;[36mWhen &amp#27;[0m&amp#27;[36mUser enters Pincode from sheetname &amp#27;[0m&amp#27;[36m&amp#27;[1m"Sheet1"&amp#27;[0m&amp#27;[36m and rownumber &amp#27;[0m&amp#27;[36m&amp#27;[1m0&amp#27;[0m        &amp#27;[90m# productdetails_stepdefinition_3.ProductDetails_StepDefinition_3.user_enters_pincode_from_sheetname_and_rownumber(java.lang.String,java.lang.Integer)&amp#27;[0m
  &amp#27;[36mAnd &amp#27;[0m&amp#27;[36mUser clicks on check button&amp#27;[0m                                         &amp#27;[90m# productdetails_stepdefinition_3.ProductDetails_StepDefinition_3.user_clicks_on_check_button()&amp#27;[0m
  &amp#27;[36mThen &amp#27;[0m&amp#27;[36mIt shows Pincode is serviceable&amp#27;[0m                                    &amp#27;[90m# productdetails_stepdefinition_3.ProductDetails_StepDefinition_3.it_shows_pincode_is_serviceable()&amp#27;[0m
]]></system-out>
    <system-err><![CDATA[Starting ChromeDriver 113.0.5672.63 (0e1a4471d5ae5bf128b1bd8f4d627c8cbd55f70c-refs/branch-heads/5672@{#912}) on port 33120
Only local connections are allowed.
Please see https://chromedriver.chromium.org/security-considerations for suggestions on keeping ChromeDriver safe.
ChromeDriver was started successfully.
[1686205367.227][WARNING]: This version of ChromeDriver has not been tested with Chrome version 114.
Jun 08, 2023 11:52:47 AM org.openqa.selenium.devtools.CdpVersionFinder findNearestMatch
WARNING: Unable to find an exact match for CDP version 114, so returning the closest version found: 112
]]></system-err>
  </testcase>
  <testcase name="runScenario" classname="testrunner.ProductDetails_TestRunner_3" time="14.571">
    <failure message="element click intercepted: Element &lt;input name=&quot;q&quot; class=&quot;commonTextComp track_search_click&quot; type=&quot;text&quot; autocomplete=&quot;off&quot; placeholder=&quot;Search&quot;&gt; is not clickable at point (615, 70). Other element would receive the click: &lt;iframe marginheight=&quot;0&quot; marginwidth=&quot;0&quot; class=&quot;__st_preview_frame_bpn&quot; style=&quot;display: block; z-index: 16776272; height:100%; width:100%; position: fixed; visibility: visible; top: 0; overflow: hidden; bottom:0;&quot; frameborder=&quot;0&quot;&gt;&lt;/iframe&gt;&#10;  (Session info: chrome=114.0.5735.110)&#10;Build info: version: &apos;4.9.0&apos;, revision: &apos;d7057100a6&apos;&#10;System info: os.name: &apos;Windows 11&apos;, os.arch: &apos;amd64&apos;, os.version: &apos;10.0&apos;, java.version: &apos;17.0.6&apos;&#10;Driver info: org.openqa.selenium.chrome.ChromeDriver&#10;Command: [413eb7e5c4b6b310b0802553c8b0d8b6, clickElement {id=E1EDF5B99EBB99EBED01E4B824122E9B_element_44}]&#10;Capabilities {acceptInsecureCerts: false, browserName: chrome, browserVersion: 114.0.5735.110, chrome: {chromedriverVersion: 113.0.5672.63 (0e1a4471d5ae..., userDataDir: C:\Program Files (x86)\scop...}, goog:chromeOptions: {debuggerAddress: localhost:55909}, networkConnectionEnabled: false, pageLoadStrategy: normal, platformName: WINDOWS, proxy: Proxy(), se:cdp: ws://localhost:55909/devtoo..., se:cdpVersion: 114.0.5735.110, setWindowRect: true, strictFileInteractability: false, timeouts: {implicit: 0, pageLoad: 300000, script: 30000}, unhandledPromptBehavior: dismiss and notify, webauthn:extension:credBlob: true, webauthn:extension:largeBlob: true, webauthn:extension:minPinLength: true, webauthn:extension:prf: true, webauthn:virtualAuthenticators: true}&#10;Element: [[ChromeDriver: chrome on WINDOWS (413eb7e5c4b6b310b0802553c8b0d8b6)] -&gt; xpath: //input[@class=&apos;commonTextComp track_search_click&apos;]]&#10;Session ID: 413eb7e5c4b6b310b0802553c8b0d8b6" type="org.openqa.selenium.ElementClickInterceptedException"><![CDATA[org.openqa.selenium.ElementClickInterceptedException: 
element click intercepted: Element <input name="q" class="commonTextComp track_search_click" type="text" autocomplete="off" placeholder="Search"> is not clickable at point (615, 70). Other element would receive the click: <iframe marginheight="0" marginwidth="0" class="__st_preview_frame_bpn" style="display: block; z-index: 16776272; height:100%; width:100%; position: fixed; visibility: visible; top: 0; overflow: hidden; bottom:0;" frameborder="0"></iframe>
  (Session info: chrome=114.0.5735.110)
Build info: version: '4.9.0', revision: 'd7057100a6'
System info: os.name: 'Windows 11', os.arch: 'amd64', os.version: '10.0', java.version: '17.0.6'
Driver info: org.openqa.selenium.chrome.ChromeDriver
Command: [413eb7e5c4b6b310b0802553c8b0d8b6, clickElement {id=E1EDF5B99EBB99EBED01E4B824122E9B_element_44}]
Capabilities {acceptInsecureCerts: false, browserName: chrome, browserVersion: 114.0.5735.110, chrome: {chromedriverVersion: 113.0.5672.63 (0e1a4471d5ae..., userDataDir: C:\Program Files (x86)\scop...}, goog:chromeOptions: {debuggerAddress: localhost:55909}, networkConnectionEnabled: false, pageLoadStrategy: normal, platformName: WINDOWS, proxy: Proxy(), se:cdp: ws://localhost:55909/devtoo..., se:cdpVersion: 114.0.5735.110, setWindowRect: true, strictFileInteractability: false, timeouts: {implicit: 0, pageLoad: 300000, script: 30000}, unhandledPromptBehavior: dismiss and notify, webauthn:extension:credBlob: true, webauthn:extension:largeBlob: true, webauthn:extension:minPinLength: true, webauthn:extension:prf: true, webauthn:virtualAuthenticators: true}
Element: [[ChromeDriver: chrome on WINDOWS (413eb7e5c4b6b310b0802553c8b0d8b6)] -> xpath: //input[@class='commonTextComp track_search_click']]
Session ID: 413eb7e5c4b6b310b0802553c8b0d8b6
]]></failure>
    <system-out><![CDATA[
Scenario Outline: Verify Pincode functionality with valid data            &amp#27;[90m# src/test/resources/features/ProductDetails3.feature:17&amp#27;[0m
Trusted Wall Painting, Home Painting & Waterproofing in India - Asian Paints
Create your dream home with our painting experts
  &amp#27;[32mGiven &amp#27;[0m&amp#27;[32mChrome is opened and Asianpaints app is opened&amp#27;[0m                    &amp#27;[90m# productdetails_stepdefinition_3.ProductDetails_StepDefinition_3.chrome_is_opened_and_asianpaints_app_is_opened()&amp#27;[0m
  &amp#27;[31mWhen &amp#27;[0m&amp#27;[31mUser searches the product&amp#27;[0m                                          &amp#27;[90m# productdetails_stepdefinition_3.ProductDetails_StepDefinition_3.user_searches_the_product()&amp#27;[0m
      &amp#27;[31morg.openqa.selenium.ElementClickInterceptedException: element click intercepted: Element <input name="q" class="commonTextComp track_search_click" type="text" autocomplete="off" placeholder="Search"> is not clickable at point (615, 70). Other element would receive the click: <iframe marginheight="0" marginwidth="0" class="__st_preview_frame_bpn" style="display: block; z-index: 16776272; height:100%; width:100%; position: fixed; visibility: visible; top: 0; overflow: hidden; bottom:0;" frameborder="0"></iframe>
  (Session info: chrome=114.0.5735.110)
Build info: version: '4.9.0', revision: 'd7057100a6'
System info: os.name: 'Windows 11', os.arch: 'amd64', os.version: '10.0', java.version: '17.0.6'
Driver info: org.openqa.selenium.chrome.ChromeDriver
Command: [413eb7e5c4b6b310b0802553c8b0d8b6, clickElement {id=E1EDF5B99EBB99EBED01E4B824122E9B_element_44}]
Capabilities {acceptInsecureCerts: false, browserName: chrome, browserVersion: 114.0.5735.110, chrome: {chromedriverVersion: 113.0.5672.63 (0e1a4471d5ae..., userDataDir: C:\Program Files (x86)\scop...}, goog:chromeOptions: {debuggerAddress: localhost:55909}, networkConnectionEnabled: false, pageLoadStrategy: normal, platformName: WINDOWS, proxy: Proxy(), se:cdp: ws://localhost:55909/devtoo..., se:cdpVersion: 114.0.5735.110, setWindowRect: true, strictFileInteractability: false, timeouts: {implicit: 0, pageLoad: 300000, script: 30000}, unhandledPromptBehavior: dismiss and notify, webauthn:extension:credBlob: true, webauthn:extension:largeBlob: true, webauthn:extension:minPinLength: true, webauthn:extension:prf: true, webauthn:virtualAuthenticators: true}
Element: [[ChromeDriver: chrome on WINDOWS (413eb7e5c4b6b310b0802553c8b0d8b6)] -> xpath: //input[@class='commonTextComp track_search_click']]
Session ID: 413eb7e5c4b6b310b0802553c8b0d8b6
	at java.base/jdk.internal.reflect.NativeConstructorAccessorImpl.newInstance0(Native Method)
	at java.base/jdk.internal.reflect.NativeConstructorAccessorImpl.newInstance(NativeConstructorAccessorImpl.java:77)
	at java.base/jdk.internal.reflect.DelegatingConstructorAccessorImpl.newInstance(DelegatingConstructorAccessorImpl.java:45)
	at java.base/java.lang.reflect.Constructor.newInstanceWithCaller(Constructor.java:499)
	at java.base/java.lang.reflect.Constructor.newInstance(Constructor.java:480)
	at org.openqa.selenium.remote.codec.w3c.W3CHttpResponseCodec.createException(W3CHttpResponseCodec.java:200)
	at org.openqa.selenium.remote.codec.w3c.W3CHttpResponseCodec.decode(W3CHttpResponseCodec.java:133)
	at org.openqa.selenium.remote.codec.w3c.W3CHttpResponseCodec.decode(W3CHttpResponseCodec.java:53)
	at org.openqa.selenium.remote.HttpCommandExecutor.execute(HttpCommandExecutor.java:193)
	at org.openqa.selenium.remote.service.DriverCommandExecutor.invokeExecute(DriverCommandExecutor.java:183)
	at org.openqa.selenium.remote.service.DriverCommandExecutor.execute(DriverCommandExecutor.java:158)
	at org.openqa.selenium.remote.RemoteWebDriver.execute(RemoteWebDriver.java:543)
	at org.openqa.selenium.remote.RemoteWebElement.execute(RemoteWebElement.java:257)
	at org.openqa.selenium.remote.RemoteWebElement.click(RemoteWebElement.java:78)
	at jdk.internal.reflect.GeneratedMethodAccessor71.invoke(Unknown Source)
	at java.base/jdk.internal.reflect.DelegatingMethodAccessorImpl.invoke(DelegatingMethodAccessorImpl.java:43)
	at java.base/java.lang.reflect.Method.invoke(Method.java:568)
	at org.openqa.selenium.support.pagefactory.internal.LocatingElementHandler.invoke(LocatingElementHandler.java:52)
	at jdk.proxy2/jdk.proxy2.$Proxy26.click(Unknown Source)
	at com.pages.Page01_LandingPage.productListPageNavigation1(Page01_LandingPage.java:84)
	at productdetails_stepdefinition_3.ProductDetails_StepDefinition_3.user_searches_the_product(ProductDetails_StepDefinition_3.java:81)
	at âœ½.User searches the product(file:///C:/Users/NBARBHUI/Desktop/My%20Main%20AsianPaints%20Project/AsianPaints_ProductDetails_Nurul/src/test/resources/features/ProductDetails3.feature:5)
&amp#27;[0m
  &amp#27;[36mAnd &amp#27;[0m&amp#27;[36mUser clicks on the product&amp#27;[0m                                          &amp#27;[90m# productdetails_stepdefinition_3.ProductDetails_StepDefinition_3.user_clicks_on_the_product()&amp#27;[0m
  &amp#27;[36mThen &amp#27;[0m&amp#27;[36mUser navigates onto the ProductList page&amp#27;[0m                           &amp#27;[90m# productdetails_stepdefinition_3.ProductDetails_StepDefinition_3.user_navigates_onto_the_product_list_page()&amp#27;[0m
  &amp#27;[36mAnd &amp#27;[0m&amp#27;[36mUser clicks on any listed item&amp#27;[0m                                      &amp#27;[90m# productdetails_stepdefinition_3.ProductDetails_StepDefinition_3.user_clicks_on_any_listed_item()&amp#27;[0m
  &amp#27;[36mThen &amp#27;[0m&amp#27;[36mProductDetails page is launched and fields are visible to the user&amp#27;[0m &amp#27;[90m# productdetails_stepdefinition_3.ProductDetails_StepDefinition_3.product_details_page_is_launched_and_fields_are_visible_to_the_user()&amp#27;[0m
  &amp#27;[36mWhen &amp#27;[0m&amp#27;[36mUser enters Pincode from sheetname &amp#27;[0m&amp#27;[36m&amp#27;[1m"Sheet1"&amp#27;[0m&amp#27;[36m and rownumber &amp#27;[0m&amp#27;[36m&amp#27;[1m1&amp#27;[0m        &amp#27;[90m# productdetails_stepdefinition_3.ProductDetails_StepDefinition_3.user_enters_pincode_from_sheetname_and_rownumber(java.lang.String,java.lang.Integer)&amp#27;[0m
  &amp#27;[36mAnd &amp#27;[0m&amp#27;[36mUser clicks on check button&amp#27;[0m                                         &amp#27;[90m# productdetails_stepdefinition_3.ProductDetails_StepDefinition_3.user_clicks_on_check_button()&amp#27;[0m
  &amp#27;[36mThen &amp#27;[0m&amp#27;[36mIt shows Pincode is serviceable&amp#27;[0m                                    &amp#27;[90m# productdetails_stepdefinition_3.ProductDetails_StepDefinition_3.it_shows_pincode_is_serviceable()&amp#27;[0m
]]></system-out>
    <system-err><![CDATA[Starting ChromeDriver 113.0.5672.63 (0e1a4471d5ae5bf128b1bd8f4d627c8cbd55f70c-refs/branch-heads/5672@{#912}) on port 13409
Only local connections are allowed.
Please see https://chromedriver.chromium.org/security-considerations for suggestions on keeping ChromeDriver safe.
ChromeDriver was started successfully.
[1686205381.802][WARNING]: This version of ChromeDriver has not been tested with Chrome version 114.
Jun 08, 2023 11:53:02 AM org.openqa.selenium.devtools.CdpVersionFinder findNearestMatch
WARNING: Unable to find an exact match for CDP version 114, so returning the closest version found: 112
]]></system-err>
  </testcase>
  <testcase name="runScenario" classname="testrunner.ProductDetails_TestRunner_3" time="56.828"/>
  <testcase name="runScenario" classname="testrunner.ProductDetails_TestRunner_3" time="14.553">
    <failure message="element click intercepted: Element &lt;input name=&quot;q&quot; class=&quot;commonTextComp track_search_click&quot; type=&quot;text&quot; autocomplete=&quot;off&quot; placeholder=&quot;Search&quot;&gt; is not clickable at point (615, 70). Other element would receive the click: &lt;iframe marginheight=&quot;0&quot; marginwidth=&quot;0&quot; class=&quot;__st_preview_frame_bpn&quot; style=&quot;display: block; z-index: 16776272; height:100%; width:100%; position: fixed; visibility: visible; top: 0; overflow: hidden; bottom:0;&quot; frameborder=&quot;0&quot;&gt;&lt;/iframe&gt;&#10;  (Session info: chrome=114.0.5735.110)&#10;Build info: version: &apos;4.9.0&apos;, revision: &apos;d7057100a6&apos;&#10;System info: os.name: &apos;Windows 11&apos;, os.arch: &apos;amd64&apos;, os.version: &apos;10.0&apos;, java.version: &apos;17.0.6&apos;&#10;Driver info: org.openqa.selenium.chrome.ChromeDriver&#10;Command: [ef8ad28db2210cdd75b9ca814059e0fd, clickElement {id=3220332F9981C98A3DBC8E9AB21C3950_element_34}]&#10;Capabilities {acceptInsecureCerts: false, browserName: chrome, browserVersion: 114.0.5735.110, chrome: {chromedriverVersion: 113.0.5672.63 (0e1a4471d5ae..., userDataDir: C:\Program Files (x86)\scop...}, goog:chromeOptions: {debuggerAddress: localhost:56124}, networkConnectionEnabled: false, pageLoadStrategy: normal, platformName: WINDOWS, proxy: Proxy(), se:cdp: ws://localhost:56124/devtoo..., se:cdpVersion: 114.0.5735.110, setWindowRect: true, strictFileInteractability: false, timeouts: {implicit: 0, pageLoad: 300000, script: 30000}, unhandledPromptBehavior: dismiss and notify, webauthn:extension:credBlob: true, webauthn:extension:largeBlob: true, webauthn:extension:minPinLength: true, webauthn:extension:prf: true, webauthn:virtualAuthenticators: true}&#10;Element: [[ChromeDriver: chrome on WINDOWS (ef8ad28db2210cdd75b9ca814059e0fd)] -&gt; xpath: //input[@class=&apos;commonTextComp track_search_click&apos;]]&#10;Session ID: ef8ad28db2210cdd75b9ca814059e0fd" type="org.openqa.selenium.ElementClickInterceptedException"><![CDATA[org.openqa.selenium.ElementClickInterceptedException: 
element click intercepted: Element <input name="q" class="commonTextComp track_search_click" type="text" autocomplete="off" placeholder="Search"> is not clickable at point (615, 70). Other element would receive the click: <iframe marginheight="0" marginwidth="0" class="__st_preview_frame_bpn" style="display: block; z-index: 16776272; height:100%; width:100%; position: fixed; visibility: visible; top: 0; overflow: hidden; bottom:0;" frameborder="0"></iframe>
  (Session info: chrome=114.0.5735.110)
Build info: version: '4.9.0', revision: 'd7057100a6'
System info: os.name: 'Windows 11', os.arch: 'amd64', os.version: '10.0', java.version: '17.0.6'
Driver info: org.openqa.selenium.chrome.ChromeDriver
Command: [ef8ad28db2210cdd75b9ca814059e0fd, clickElement {id=3220332F9981C98A3DBC8E9AB21C3950_element_34}]
Capabilities {acceptInsecureCerts: false, browserName: chrome, browserVersion: 114.0.5735.110, chrome: {chromedriverVersion: 113.0.5672.63 (0e1a4471d5ae..., userDataDir: C:\Program Files (x86)\scop...}, goog:chromeOptions: {debuggerAddress: localhost:56124}, networkConnectionEnabled: false, pageLoadStrategy: normal, platformName: WINDOWS, proxy: Proxy(), se:cdp: ws://localhost:56124/devtoo..., se:cdpVersion: 114.0.5735.110, setWindowRect: true, strictFileInteractability: false, timeouts: {implicit: 0, pageLoad: 300000, script: 30000}, unhandledPromptBehavior: dismiss and notify, webauthn:extension:credBlob: true, webauthn:extension:largeBlob: true, webauthn:extension:minPinLength: true, webauthn:extension:prf: true, webauthn:virtualAuthenticators: true}
Element: [[ChromeDriver: chrome on WINDOWS (ef8ad28db2210cdd75b9ca814059e0fd)] -> xpath: //input[@class='commonTextComp track_search_click']]
Session ID: ef8ad28db2210cdd75b9ca814059e0fd
]]></failure>
    <system-out><![CDATA[
Scenario Outline: Verify Pincode functionality with invalid data          &amp#27;[90m# src/test/resources/features/ProductDetails3.feature:33&amp#27;[0m
Trusted Wall Painting, Home Painting & Waterproofing in India - Asian Paints
Create your dream home with our painting experts
  &amp#27;[32mGiven &amp#27;[0m&amp#27;[32mChrome is opened and Asianpaints app is opened&amp#27;[0m                    &amp#27;[90m# productdetails_stepdefinition_3.ProductDetails_StepDefinition_3.chrome_is_opened_and_asianpaints_app_is_opened()&amp#27;[0m
  &amp#27;[31mWhen &amp#27;[0m&amp#27;[31mUser searches the product&amp#27;[0m                                          &amp#27;[90m# productdetails_stepdefinition_3.ProductDetails_StepDefinition_3.user_searches_the_product()&amp#27;[0m
      &amp#27;[31morg.openqa.selenium.ElementClickInterceptedException: element click intercepted: Element <input name="q" class="commonTextComp track_search_click" type="text" autocomplete="off" placeholder="Search"> is not clickable at point (615, 70). Other element would receive the click: <iframe marginheight="0" marginwidth="0" class="__st_preview_frame_bpn" style="display: block; z-index: 16776272; height:100%; width:100%; position: fixed; visibility: visible; top: 0; overflow: hidden; bottom:0;" frameborder="0"></iframe>
  (Session info: chrome=114.0.5735.110)
Build info: version: '4.9.0', revision: 'd7057100a6'
System info: os.name: 'Windows 11', os.arch: 'amd64', os.version: '10.0', java.version: '17.0.6'
Driver info: org.openqa.selenium.chrome.ChromeDriver
Command: [ef8ad28db2210cdd75b9ca814059e0fd, clickElement {id=3220332F9981C98A3DBC8E9AB21C3950_element_34}]
Capabilities {acceptInsecureCerts: false, browserName: chrome, browserVersion: 114.0.5735.110, chrome: {chromedriverVersion: 113.0.5672.63 (0e1a4471d5ae..., userDataDir: C:\Program Files (x86)\scop...}, goog:chromeOptions: {debuggerAddress: localhost:56124}, networkConnectionEnabled: false, pageLoadStrategy: normal, platformName: WINDOWS, proxy: Proxy(), se:cdp: ws://localhost:56124/devtoo..., se:cdpVersion: 114.0.5735.110, setWindowRect: true, strictFileInteractability: false, timeouts: {implicit: 0, pageLoad: 300000, script: 30000}, unhandledPromptBehavior: dismiss and notify, webauthn:extension:credBlob: true, webauthn:extension:largeBlob: true, webauthn:extension:minPinLength: true, webauthn:extension:prf: true, webauthn:virtualAuthenticators: true}
Element: [[ChromeDriver: chrome on WINDOWS (ef8ad28db2210cdd75b9ca814059e0fd)] -> xpath: //input[@class='commonTextComp track_search_click']]
Session ID: ef8ad28db2210cdd75b9ca814059e0fd
	at java.base/jdk.internal.reflect.NativeConstructorAccessorImpl.newInstance0(Native Method)
	at java.base/jdk.internal.reflect.NativeConstructorAccessorImpl.newInstance(NativeConstructorAccessorImpl.java:77)
	at java.base/jdk.internal.reflect.DelegatingConstructorAccessorImpl.newInstance(DelegatingConstructorAccessorImpl.java:45)
	at java.base/java.lang.reflect.Constructor.newInstanceWithCaller(Constructor.java:499)
	at java.base/java.lang.reflect.Constructor.newInstance(Constructor.java:480)
	at org.openqa.selenium.remote.codec.w3c.W3CHttpResponseCodec.createException(W3CHttpResponseCodec.java:200)
	at org.openqa.selenium.remote.codec.w3c.W3CHttpResponseCodec.decode(W3CHttpResponseCodec.java:133)
	at org.openqa.selenium.remote.codec.w3c.W3CHttpResponseCodec.decode(W3CHttpResponseCodec.java:53)
	at org.openqa.selenium.remote.HttpCommandExecutor.execute(HttpCommandExecutor.java:193)
	at org.openqa.selenium.remote.service.DriverCommandExecutor.invokeExecute(DriverCommandExecutor.java:183)
	at org.openqa.selenium.remote.service.DriverCommandExecutor.execute(DriverCommandExecutor.java:158)
	at org.openqa.selenium.remote.RemoteWebDriver.execute(RemoteWebDriver.java:543)
	at org.openqa.selenium.remote.RemoteWebElement.execute(RemoteWebElement.java:257)
	at org.openqa.selenium.remote.RemoteWebElement.click(RemoteWebElement.java:78)
	at jdk.internal.reflect.GeneratedMethodAccessor71.invoke(Unknown Source)
	at java.base/jdk.internal.reflect.DelegatingMethodAccessorImpl.invoke(DelegatingMethodAccessorImpl.java:43)
	at java.base/java.lang.reflect.Method.invoke(Method.java:568)
	at org.openqa.selenium.support.pagefactory.internal.LocatingElementHandler.invoke(LocatingElementHandler.java:52)
	at jdk.proxy2/jdk.proxy2.$Proxy26.click(Unknown Source)
	at com.pages.Page01_LandingPage.productListPageNavigation1(Page01_LandingPage.java:84)
	at productdetails_stepdefinition_3.ProductDetails_StepDefinition_3.user_searches_the_product(ProductDetails_StepDefinition_3.java:81)
	at âœ½.User searches the product(file:///C:/Users/NBARBHUI/Desktop/My%20Main%20AsianPaints%20Project/AsianPaints_ProductDetails_Nurul/src/test/resources/features/ProductDetails3.feature:21)
&amp#27;[0m
  &amp#27;[36mAnd &amp#27;[0m&amp#27;[36mUser clicks on the product&amp#27;[0m                                          &amp#27;[90m# productdetails_stepdefinition_3.ProductDetails_StepDefinition_3.user_clicks_on_the_product()&amp#27;[0m
  &amp#27;[36mThen &amp#27;[0m&amp#27;[36mUser navigates onto the ProductList page&amp#27;[0m                           &amp#27;[90m# productdetails_stepdefinition_3.ProductDetails_StepDefinition_3.user_navigates_onto_the_product_list_page()&amp#27;[0m
  &amp#27;[36mAnd &amp#27;[0m&amp#27;[36mUser clicks on any listed item&amp#27;[0m                                      &amp#27;[90m# productdetails_stepdefinition_3.ProductDetails_StepDefinition_3.user_clicks_on_any_listed_item()&amp#27;[0m
  &amp#27;[36mThen &amp#27;[0m&amp#27;[36mProductDetails page is launched and fields are visible to the user&amp#27;[0m &amp#27;[90m# productdetails_stepdefinition_3.ProductDetails_StepDefinition_3.product_details_page_is_launched_and_fields_are_visible_to_the_user()&amp#27;[0m
  &amp#27;[36mWhen &amp#27;[0m&amp#27;[36mUser enters Pincode from sheetname &amp#27;[0m&amp#27;[36m&amp#27;[1m"Sheet2"&amp#27;[0m&amp#27;[36m and rownumber &amp#27;[0m&amp#27;[36m&amp#27;[1m1&amp#27;[0m        &amp#27;[90m# productdetails_stepdefinition_3.ProductDetails_StepDefinition_3.user_enters_pincode_from_sheetname_and_rownumber(java.lang.String,java.lang.Integer)&amp#27;[0m
  &amp#27;[36mAnd &amp#27;[0m&amp#27;[36mUser clicks on check button&amp#27;[0m                                         &amp#27;[90m# productdetails_stepdefinition_3.ProductDetails_StepDefinition_3.user_clicks_on_check_button()&amp#27;[0m
  &amp#27;[36mThen &amp#27;[0m&amp#27;[36mIt shows Pincode is not serviceable&amp#27;[0m                                &amp#27;[90m# productdetails_stepdefinition_3.ProductDetails_StepDefinition_3.it_shows_pincode_is_not_serviceable()&amp#27;[0m
]]></system-out>
    <system-err><![CDATA[Starting ChromeDriver 113.0.5672.63 (0e1a4471d5ae5bf128b1bd8f4d627c8cbd55f70c-refs/branch-heads/5672@{#912}) on port 38336
Only local connections are allowed.
Please see https://chromedriver.chromium.org/security-considerations for suggestions on keeping ChromeDriver safe.
ChromeDriver was started successfully.
[1686205453.265][WARNING]: This version of ChromeDriver has not been tested with Chrome version 114.
Jun 08, 2023 11:54:13 AM org.openqa.selenium.devtools.CdpVersionFinder findNearestMatch
WARNING: Unable to find an exact match for CDP version 114, so returning the closest version found: 112
]]></system-err>
  </testcase>
</testsuite>