<?xml version="1.0" encoding="UTF-8"?>
<testng-results ignored="0" total="11" passed="11" failed="0" skipped="0">
  <reporter-output>
  </reporter-output>
  <suite started-at="2023-06-08T13:56:01 IST" name="Suite" finished-at="2023-06-08T14:04:20 IST" duration-ms="498883">
    <groups>
      <group name="cucumber">
        <method signature="AbstractTestNGCucumberTests.runScenario(io.cucumber.testng.PickleWrapper,io.cucumber.testng.FeatureWrapper)[pri:0, instance:testrunner.ProductDetails_TestRunner_1@353352b6]" name="runScenario" class="io.cucumber.testng.AbstractTestNGCucumberTests"/>
        <method signature="AbstractTestNGCucumberTests.runScenario(io.cucumber.testng.PickleWrapper,io.cucumber.testng.FeatureWrapper)[pri:0, instance:testrunner.ProductDetails_TestRunner_2@cecf639]" name="runScenario" class="io.cucumber.testng.AbstractTestNGCucumberTests"/>
        <method signature="AbstractTestNGCucumberTests.runScenario(io.cucumber.testng.PickleWrapper,io.cucumber.testng.FeatureWrapper)[pri:0, instance:testrunner.ProductDetails_TestRunner_3@1caa0244]" name="runScenario" class="io.cucumber.testng.AbstractTestNGCucumberTests"/>
      </group> <!-- cucumber -->
    </groups>
    <test started-at="2023-06-08T13:56:01 IST" name="Test" finished-at="2023-06-08T14:04:20 IST" duration-ms="498883">
      <class name="testrunner.ProductDetails_TestRunner_1">
        <test-method is-config="true" signature="setUpClass(org.testng.ITestContext)[pri:0, instance:testrunner.ProductDetails_TestRunner_1@353352b6]" started-at="2023-06-08T13:56:01 IST" name="setUpClass" finished-at="2023-06-08T13:56:01 IST" duration-ms="582" status="PASS">
          <params>
            <param index="0">
              <value>
                <![CDATA[org.testng.TestRunner@3a66d97e]]>
              </value>
            </param>
          </params>
          <reporter-output>
          </reporter-output>
        </test-method> <!-- setUpClass -->
        <test-method signature="runScenario(io.cucumber.testng.PickleWrapper,io.cucumber.testng.FeatureWrapper)[pri:0, instance:testrunner.ProductDetails_TestRunner_1@353352b6]" started-at="2023-06-08T13:56:02 IST" name="runScenario" description="Runs Cucumber Scenarios" data-provider="scenarios" finished-at="2023-06-08T13:56:36 IST" duration-ms="34217" status="PASS">
          <params>
            <param index="0">
              <value>
                <![CDATA["Validate User navigates onto ProductList page"]]>
              </value>
            </param>
            <param index="1">
              <value>
                <![CDATA["ProductDetails"]]>
              </value>
            </param>
          </params>
          <reporter-output>
          </reporter-output>
        </test-method> <!-- runScenario -->
        <test-method signature="runScenario(io.cucumber.testng.PickleWrapper,io.cucumber.testng.FeatureWrapper)[pri:0, instance:testrunner.ProductDetails_TestRunner_1@353352b6]" started-at="2023-06-08T13:56:36 IST" name="runScenario" description="Runs Cucumber Scenarios" data-provider="scenarios" finished-at="2023-06-08T13:57:13 IST" duration-ms="37686" status="PASS">
          <params>
            <param index="0">
              <value>
                <![CDATA["Validate ProductDetails page UI"]]>
              </value>
            </param>
            <param index="1">
              <value>
                <![CDATA["ProductDetails"]]>
              </value>
            </param>
          </params>
          <reporter-output>
          </reporter-output>
        </test-method> <!-- runScenario -->
        <test-method signature="runScenario(io.cucumber.testng.PickleWrapper,io.cucumber.testng.FeatureWrapper)[pri:0, instance:testrunner.ProductDetails_TestRunner_1@353352b6]" started-at="2023-06-08T13:57:13 IST" name="runScenario" description="Runs Cucumber Scenarios" data-provider="scenarios" finished-at="2023-06-08T13:58:05 IST" duration-ms="51446" status="PASS">
          <params>
            <param index="0">
              <value>
                <![CDATA["Validate quantity field on ProductDetails page"]]>
              </value>
            </param>
            <param index="1">
              <value>
                <![CDATA["ProductDetails"]]>
              </value>
            </param>
          </params>
          <reporter-output>
          </reporter-output>
        </test-method> <!-- runScenario -->
        <test-method is-config="true" signature="tearDownClass()[pri:0, instance:testrunner.ProductDetails_TestRunner_1@353352b6]" started-at="2023-06-08T13:58:05 IST" name="tearDownClass" finished-at="2023-06-08T13:58:05 IST" duration-ms="81" status="PASS">
          <reporter-output>
          </reporter-output>
        </test-method> <!-- tearDownClass -->
      </class> <!-- testrunner.ProductDetails_TestRunner_1 -->
      <class name="testrunner.ProductDetails_TestRunner_2">
        <test-method is-config="true" signature="setUpClass(org.testng.ITestContext)[pri:0, instance:testrunner.ProductDetails_TestRunner_2@cecf639]" started-at="2023-06-08T13:58:05 IST" name="setUpClass" finished-at="2023-06-08T13:58:05 IST" duration-ms="25" status="PASS">
          <params>
            <param index="0">
              <value>
                <![CDATA[org.testng.TestRunner@3a66d97e]]>
              </value>
            </param>
          </params>
          <reporter-output>
          </reporter-output>
        </test-method> <!-- setUpClass -->
        <test-method signature="runScenario(io.cucumber.testng.PickleWrapper,io.cucumber.testng.FeatureWrapper)[pri:0, instance:testrunner.ProductDetails_TestRunner_2@cecf639]" started-at="2023-06-08T13:58:05 IST" name="runScenario" description="Runs Cucumber Scenarios" data-provider="scenarios" finished-at="2023-06-08T13:58:54 IST" duration-ms="48975" status="PASS">
          <params>
            <param index="0">
              <value>
                <![CDATA["Verify Pincode functionality with valid data"]]>
              </value>
            </param>
            <param index="1">
              <value>
                <![CDATA["ProductDetails"]]>
              </value>
            </param>
          </params>
          <reporter-output>
          </reporter-output>
        </test-method> <!-- runScenario -->
        <test-method signature="runScenario(io.cucumber.testng.PickleWrapper,io.cucumber.testng.FeatureWrapper)[pri:0, instance:testrunner.ProductDetails_TestRunner_2@cecf639]" started-at="2023-06-08T13:58:54 IST" name="runScenario" description="Runs Cucumber Scenarios" data-provider="scenarios" finished-at="2023-06-08T13:59:40 IST" duration-ms="45766" status="PASS">
          <params>
            <param index="0">
              <value>
                <![CDATA["Verify Pincode functionality with valid data"]]>
              </value>
            </param>
            <param index="1">
              <value>
                <![CDATA["ProductDetails"]]>
              </value>
            </param>
          </params>
          <reporter-output>
          </reporter-output>
        </test-method> <!-- runScenario -->
        <test-method signature="runScenario(io.cucumber.testng.PickleWrapper,io.cucumber.testng.FeatureWrapper)[pri:0, instance:testrunner.ProductDetails_TestRunner_2@cecf639]" started-at="2023-06-08T13:59:40 IST" name="runScenario" description="Runs Cucumber Scenarios" data-provider="scenarios" finished-at="2023-06-08T14:00:26 IST" duration-ms="46524" status="PASS">
          <params>
            <param index="0">
              <value>
                <![CDATA["Verify Pincode functionality with invalid data"]]>
              </value>
            </param>
            <param index="1">
              <value>
                <![CDATA["ProductDetails"]]>
              </value>
            </param>
          </params>
          <reporter-output>
          </reporter-output>
        </test-method> <!-- runScenario -->
        <test-method signature="runScenario(io.cucumber.testng.PickleWrapper,io.cucumber.testng.FeatureWrapper)[pri:0, instance:testrunner.ProductDetails_TestRunner_2@cecf639]" started-at="2023-06-08T14:00:26 IST" name="runScenario" description="Runs Cucumber Scenarios" data-provider="scenarios" finished-at="2023-06-08T14:01:14 IST" duration-ms="47685" status="PASS">
          <params>
            <param index="0">
              <value>
                <![CDATA["Verify Pincode functionality with invalid data"]]>
              </value>
            </param>
            <param index="1">
              <value>
                <![CDATA["ProductDetails"]]>
              </value>
            </param>
          </params>
          <reporter-output>
          </reporter-output>
        </test-method> <!-- runScenario -->
        <test-method is-config="true" signature="tearDownClass()[pri:0, instance:testrunner.ProductDetails_TestRunner_2@cecf639]" started-at="2023-06-08T14:01:14 IST" name="tearDownClass" finished-at="2023-06-08T14:01:14 IST" duration-ms="30" status="PASS">
          <reporter-output>
          </reporter-output>
        </test-method> <!-- tearDownClass -->
      </class> <!-- testrunner.ProductDetails_TestRunner_2 -->
      <class name="testrunner.ProductDetails_TestRunner_3">
        <test-method is-config="true" signature="setUpClass(org.testng.ITestContext)[pri:0, instance:testrunner.ProductDetails_TestRunner_3@1caa0244]" started-at="2023-06-08T14:01:14 IST" name="setUpClass" finished-at="2023-06-08T14:01:14 IST" duration-ms="27" status="PASS">
          <params>
            <param index="0">
              <value>
                <![CDATA[org.testng.TestRunner@3a66d97e]]>
              </value>
            </param>
          </params>
          <reporter-output>
          </reporter-output>
        </test-method> <!-- setUpClass -->
        <test-method signature="runScenario(io.cucumber.testng.PickleWrapper,io.cucumber.testng.FeatureWrapper)[pri:0, instance:testrunner.ProductDetails_TestRunner_3@1caa0244]" started-at="2023-06-08T14:01:14 IST" name="runScenario" description="Runs Cucumber Scenarios" data-provider="scenarios" finished-at="2023-06-08T14:02:02 IST" duration-ms="47903" status="PASS">
          <params>
            <param index="0">
              <value>
                <![CDATA["Verify Pincode functionality with valid data"]]>
              </value>
            </param>
            <param index="1">
              <value>
                <![CDATA["ProductDetails"]]>
              </value>
            </param>
          </params>
          <reporter-output>
          </reporter-output>
        </test-method> <!-- runScenario -->
        <test-method signature="runScenario(io.cucumber.testng.PickleWrapper,io.cucumber.testng.FeatureWrapper)[pri:0, instance:testrunner.ProductDetails_TestRunner_3@1caa0244]" started-at="2023-06-08T14:02:02 IST" name="runScenario" description="Runs Cucumber Scenarios" data-provider="scenarios" finished-at="2023-06-08T14:02:49 IST" duration-ms="46938" status="PASS">
          <params>
            <param index="0">
              <value>
                <![CDATA["Verify Pincode functionality with valid data"]]>
              </value>
            </param>
            <param index="1">
              <value>
                <![CDATA["ProductDetails"]]>
              </value>
            </param>
          </params>
          <reporter-output>
          </reporter-output>
        </test-method> <!-- runScenario -->
        <test-method signature="runScenario(io.cucumber.testng.PickleWrapper,io.cucumber.testng.FeatureWrapper)[pri:0, instance:testrunner.ProductDetails_TestRunner_3@1caa0244]" started-at="2023-06-08T14:02:49 IST" name="runScenario" description="Runs Cucumber Scenarios" data-provider="scenarios" finished-at="2023-06-08T14:03:36 IST" duration-ms="47261" status="PASS">
          <params>
            <param index="0">
              <value>
                <![CDATA["Verify Pincode functionality with invalid data"]]>
              </value>
            </param>
            <param index="1">
              <value>
                <![CDATA["ProductDetails"]]>
              </value>
            </param>
          </params>
          <reporter-output>
          </reporter-output>
        </test-method> <!-- runScenario -->
        <test-method signature="runScenario(io.cucumber.testng.PickleWrapper,io.cucumber.testng.FeatureWrapper)[pri:0, instance:testrunner.ProductDetails_TestRunner_3@1caa0244]" started-at="2023-06-08T14:03:36 IST" name="runScenario" description="Runs Cucumber Scenarios" data-provider="scenarios" finished-at="2023-06-08T14:04:20 IST" duration-ms="43648" status="PASS">
          <params>
            <param index="0">
              <value>
                <![CDATA["Verify Pincode functionality with invalid data"]]>
              </value>
            </param>
            <param index="1">
              <value>
                <![CDATA["ProductDetails"]]>
              </value>
            </param>
          </params>
          <reporter-output>
          </reporter-output>
        </test-method> <!-- runScenario -->
        <test-method is-config="true" signature="tearDownClass()[pri:0, instance:testrunner.ProductDetails_TestRunner_3@1caa0244]" started-at="2023-06-08T14:04:20 IST" name="tearDownClass" finished-at="2023-06-08T14:04:20 IST" duration-ms="28" status="PASS">
          <reporter-output>
          </reporter-output>
        </test-method> <!-- tearDownClass -->
      </class> <!-- testrunner.ProductDetails_TestRunner_3 -->
    </test> <!-- Test -->
  </suite> <!-- Suite -->
</testng-results>
