<?xml version="1.0" encoding="UTF-8"?>
<testng-results ignored="0" total="3" passed="3" failed="0" skipped="0">
  <reporter-output>
  </reporter-output>
  <suite started-at="2023-06-07T20:53:53 IST" name="Default suite" finished-at="2023-06-07T20:57:10 IST" duration-ms="197629">
    <groups>
      <group name="cucumber">
        <method signature="AbstractTestNGCucumberTests.runScenario(io.cucumber.testng.PickleWrapper,io.cucumber.testng.FeatureWrapper)[pri:0, instance:testrunner.ProductDetails_TestRunner_1@48bb62]" name="runScenario" class="io.cucumber.testng.AbstractTestNGCucumberTests"/>
      </group> <!-- cucumber -->
    </groups>
    <test started-at="2023-06-07T20:53:53 IST" name="Default test" finished-at="2023-06-07T20:57:10 IST" duration-ms="197629">
      <class name="testrunner.ProductDetails_TestRunner_1">
        <test-method is-config="true" signature="setUpClass(org.testng.ITestContext)[pri:0, instance:testrunner.ProductDetails_TestRunner_1@48bb62]" started-at="2023-06-07T20:53:53 IST" name="setUpClass" finished-at="2023-06-07T20:53:54 IST" duration-ms="1231" status="PASS">
          <params>
            <param index="0">
              <value>
                <![CDATA[org.testng.TestRunner@5db0003d]]>
              </value>
            </param>
          </params>
          <reporter-output>
          </reporter-output>
        </test-method> <!-- setUpClass -->
        <test-method signature="runScenario(io.cucumber.testng.PickleWrapper,io.cucumber.testng.FeatureWrapper)[pri:0, instance:testrunner.ProductDetails_TestRunner_1@48bb62]" started-at="2023-06-07T20:53:54 IST" name="runScenario" description="Runs Cucumber Scenarios" data-provider="scenarios" finished-at="2023-06-07T20:54:37 IST" duration-ms="42911" status="PASS">
          <params>
            <param index="0">
              <value>
                <![CDATA["Validate User navigates onto ProductList page"]]>
              </value>
            </param>
            <param index="1">
              <value>
                <![CDATA["ProductDetails"]]>
              </value>
            </param>
          </params>
          <reporter-output>
          </reporter-output>
        </test-method> <!-- runScenario -->
        <test-method signature="runScenario(io.cucumber.testng.PickleWrapper,io.cucumber.testng.FeatureWrapper)[pri:0, instance:testrunner.ProductDetails_TestRunner_1@48bb62]" started-at="2023-06-07T20:54:37 IST" name="runScenario" description="Runs Cucumber Scenarios" data-provider="scenarios" finished-at="2023-06-07T20:55:44 IST" duration-ms="66861" status="PASS">
          <params>
            <param index="0">
              <value>
                <![CDATA["Validate ProductDetails page UI"]]>
              </value>
            </param>
            <param index="1">
              <value>
                <![CDATA["ProductDetails"]]>
              </value>
            </param>
          </params>
          <reporter-output>
          </reporter-output>
        </test-method> <!-- runScenario -->
        <test-method signature="runScenario(io.cucumber.testng.PickleWrapper,io.cucumber.testng.FeatureWrapper)[pri:0, instance:testrunner.ProductDetails_TestRunner_1@48bb62]" started-at="2023-06-07T20:55:44 IST" name="runScenario" description="Runs Cucumber Scenarios" data-provider="scenarios" finished-at="2023-06-07T20:57:10 IST" duration-ms="86381" status="PASS">
          <params>
            <param index="0">
              <value>
                <![CDATA["Validate quantity field on ProductDetails page"]]>
              </value>
            </param>
            <param index="1">
              <value>
                <![CDATA["ProductDetails"]]>
              </value>
            </param>
          </params>
          <reporter-output>
          </reporter-output>
        </test-method> <!-- runScenario -->
        <test-method is-config="true" signature="tearDownClass()[pri:0, instance:testrunner.ProductDetails_TestRunner_1@48bb62]" started-at="2023-06-07T20:57:10 IST" name="tearDownClass" finished-at="2023-06-07T20:57:10 IST" duration-ms="152" status="PASS">
          <reporter-output>
          </reporter-output>
        </test-method> <!-- tearDownClass -->
      </class> <!-- testrunner.ProductDetails_TestRunner_1 -->
    </test> <!-- Default test -->
  </suite> <!-- Default suite -->
</testng-results>
