<?xml version="1.0" encoding="UTF-8"?>
<!-- Generated by org.testng.reporters.JUnitReportReporter -->
<testsuite hostname="LIN41005932" failures="0" tests="4" name="testrunner.ProductDetails_TestRunner_3" time="100.463" errors="3" timestamp="2023-06-08T11:54:26 IST" skipped="0">
  <testcase classname="testrunner.ProductDetails_TestRunner_3" name="runScenario" time="14.552">
    <error message="element click intercepted: Element &lt;input name=&quot;q&quot; class=&quot;commonTextComp track_search_click&quot; type=&quot;text&quot; autocomplete=&quot;off&quot; placeholder=&quot;Search&quot;&gt; is not clickable at point (615, 70). Other element would receive the click: &lt;iframe marginheight=&quot;0&quot; marginwidth=&quot;0&quot; class=&quot;__st_preview_frame_bpn&quot; style=&quot;display: block; z-index: 16776272; height:100%; width:100%; position: fixed; visibility: visible; top: 0; overflow: hidden; bottom:0;&quot; frameborder=&quot;0&quot;&gt;&lt;/iframe&gt;
  (Session info: chrome=114.0.5735.110)
Build info: version: &#039;4.9.0&#039;, revision: &#039;d7057100a6&#039;
System info: os.name: &#039;Windows 11&#039;, os.arch: &#039;amd64&#039;, os.version: &#039;10.0&#039;, java.version: &#039;17.0.6&#039;
Driver info: org.openqa.selenium.chrome.ChromeDriver
Command: [ef8ad28db2210cdd75b9ca814059e0fd, clickElement {id=3220332F9981C98A3DBC8E9AB21C3950_element_34}]
Capabilities {acceptInsecureCerts: false, browserName: chrome, browserVersion: 114.0.5735.110, chrome: {chromedriverVersion: 113.0.5672.63 (0e1a4471d5ae..., userDataDir: C:\Program Files (x86)\scop...}, goog:chromeOptions: {debuggerAddress: localhost:56124}, networkConnectionEnabled: false, pageLoadStrategy: normal, platformName: WINDOWS, proxy: Proxy(), se:cdp: ws://localhost:56124/devtoo..., se:cdpVersion: 114.0.5735.110, setWindowRect: true, strictFileInteractability: false, timeouts: {implicit: 0, pageLoad: 300000, script: 30000}, unhandledPromptBehavior: dismiss and notify, webauthn:extension:credBlob: true, webauthn:extension:largeBlob: true, webauthn:extension:minPinLength: true, webauthn:extension:prf: true, webauthn:virtualAuthenticators: true}
Element: [[ChromeDriver: chrome on WINDOWS (ef8ad28db2210cdd75b9ca814059e0fd)] -&gt; xpath: //input[@class=&#039;commonTextComp track_search_click&#039;]]
Session ID: ef8ad28db2210cdd75b9ca814059e0fd" type="org.openqa.selenium.ElementClickInterceptedException">
      <![CDATA[org.openqa.selenium.ElementClickInterceptedException: element click intercepted: Element <input name="q" class="commonTextComp track_search_click" type="text" autocomplete="off" placeholder="Search"> is not clickable at point (615, 70). Other element would receive the click: <iframe marginheight="0" marginwidth="0" class="__st_preview_frame_bpn" style="display: block; z-index: 16776272; height:100%; width:100%; position: fixed; visibility: visible; top: 0; overflow: hidden; bottom:0;" frameborder="0"></iframe>
  (Session info: chrome=114.0.5735.110)
Build info: version: '4.9.0', revision: 'd7057100a6'
System info: os.name: 'Windows 11', os.arch: 'amd64', os.version: '10.0', java.version: '17.0.6'
Driver info: org.openqa.selenium.chrome.ChromeDriver
Command: [ef8ad28db2210cdd75b9ca814059e0fd, clickElement {id=3220332F9981C98A3DBC8E9AB21C3950_element_34}]
Capabilities {acceptInsecureCerts: false, browserName: chrome, browserVersion: 114.0.5735.110, chrome: {chromedriverVersion: 113.0.5672.63 (0e1a4471d5ae..., userDataDir: C:\Program Files (x86)\scop...}, goog:chromeOptions: {debuggerAddress: localhost:56124}, networkConnectionEnabled: false, pageLoadStrategy: normal, platformName: WINDOWS, proxy: Proxy(), se:cdp: ws://localhost:56124/devtoo..., se:cdpVersion: 114.0.5735.110, setWindowRect: true, strictFileInteractability: false, timeouts: {implicit: 0, pageLoad: 300000, script: 30000}, unhandledPromptBehavior: dismiss and notify, webauthn:extension:credBlob: true, webauthn:extension:largeBlob: true, webauthn:extension:minPinLength: true, webauthn:extension:prf: true, webauthn:virtualAuthenticators: true}
Element: [[ChromeDriver: chrome on WINDOWS (ef8ad28db2210cdd75b9ca814059e0fd)] -> xpath: //input[@class='commonTextComp track_search_click']]
Session ID: ef8ad28db2210cdd75b9ca814059e0fd
at java.base/jdk.internal.reflect.NativeConstructorAccessorImpl.newInstance0(Native Method)
at java.base/jdk.internal.reflect.NativeConstructorAccessorImpl.newInstance(NativeConstructorAccessorImpl.java:77)
at java.base/jdk.internal.reflect.DelegatingConstructorAccessorImpl.newInstance(DelegatingConstructorAccessorImpl.java:45)
at java.base/java.lang.reflect.Constructor.newInstanceWithCaller(Constructor.java:499)
at java.base/java.lang.reflect.Constructor.newInstance(Constructor.java:480)
at org.openqa.selenium.remote.codec.w3c.W3CHttpResponseCodec.createException(W3CHttpResponseCodec.java:200)
at org.openqa.selenium.remote.codec.w3c.W3CHttpResponseCodec.decode(W3CHttpResponseCodec.java:133)
at org.openqa.selenium.remote.codec.w3c.W3CHttpResponseCodec.decode(W3CHttpResponseCodec.java:53)
at org.openqa.selenium.remote.HttpCommandExecutor.execute(HttpCommandExecutor.java:193)
at org.openqa.selenium.remote.service.DriverCommandExecutor.invokeExecute(DriverCommandExecutor.java:183)
at org.openqa.selenium.remote.service.DriverCommandExecutor.execute(DriverCommandExecutor.java:158)
at org.openqa.selenium.remote.RemoteWebDriver.execute(RemoteWebDriver.java:543)
at org.openqa.selenium.remote.RemoteWebElement.execute(RemoteWebElement.java:257)
at org.openqa.selenium.remote.RemoteWebElement.click(RemoteWebElement.java:78)
at jdk.internal.reflect.GeneratedMethodAccessor71.invoke(Unknown Source)
at java.base/jdk.internal.reflect.DelegatingMethodAccessorImpl.invoke(DelegatingMethodAccessorImpl.java:43)
at java.base/java.lang.reflect.Method.invoke(Method.java:568)
at org.openqa.selenium.support.pagefactory.internal.LocatingElementHandler.invoke(LocatingElementHandler.java:52)
at jdk.proxy2/jdk.proxy2.$Proxy26.click(Unknown Source)
at com.pages.Page01_LandingPage.productListPageNavigation1(Page01_LandingPage.java:84)
at productdetails_stepdefinition_3.ProductDetails_StepDefinition_3.user_searches_the_product(ProductDetails_StepDefinition_3.java:81)
at ✽.User searches the product(file:///C:/Users/NBARBHUI/Desktop/My%20Main%20AsianPaints%20Project/AsianPaints_ProductDetails_Nurul/src/test/resources/features/ProductDetails3.feature:21)
]]>
    </error>
  </testcase> <!-- runScenario -->
  <system-out/>
  <testcase classname="testrunner.ProductDetails_TestRunner_3" name="runScenario" time="14.513">
    <error message="element click intercepted: Element &lt;input name=&quot;q&quot; class=&quot;commonTextComp track_search_click&quot; type=&quot;text&quot; autocomplete=&quot;off&quot; placeholder=&quot;Search&quot;&gt; is not clickable at point (615, 70). Other element would receive the click: &lt;iframe marginheight=&quot;0&quot; marginwidth=&quot;0&quot; class=&quot;__st_preview_frame_bpn&quot; style=&quot;display: block; z-index: 16776272; height:100%; width:100%; position: fixed; visibility: visible; top: 0; overflow: hidden; bottom:0;&quot; frameborder=&quot;0&quot;&gt;&lt;/iframe&gt;
  (Session info: chrome=114.0.5735.110)
Build info: version: &#039;4.9.0&#039;, revision: &#039;d7057100a6&#039;
System info: os.name: &#039;Windows 11&#039;, os.arch: &#039;amd64&#039;, os.version: &#039;10.0&#039;, java.version: &#039;17.0.6&#039;
Driver info: org.openqa.selenium.chrome.ChromeDriver
Command: [f663348ca2772de995c27d34a44ba7ed, clickElement {id=16FC5FDA82F94CF8F6A77F7B458E9777_element_39}]
Capabilities {acceptInsecureCerts: false, browserName: chrome, browserVersion: 114.0.5735.110, chrome: {chromedriverVersion: 113.0.5672.63 (0e1a4471d5ae..., userDataDir: C:\Program Files (x86)\scop...}, goog:chromeOptions: {debuggerAddress: localhost:55844}, networkConnectionEnabled: false, pageLoadStrategy: normal, platformName: WINDOWS, proxy: Proxy(), se:cdp: ws://localhost:55844/devtoo..., se:cdpVersion: 114.0.5735.110, setWindowRect: true, strictFileInteractability: false, timeouts: {implicit: 0, pageLoad: 300000, script: 30000}, unhandledPromptBehavior: dismiss and notify, webauthn:extension:credBlob: true, webauthn:extension:largeBlob: true, webauthn:extension:minPinLength: true, webauthn:extension:prf: true, webauthn:virtualAuthenticators: true}
Element: [[ChromeDriver: chrome on WINDOWS (f663348ca2772de995c27d34a44ba7ed)] -&gt; xpath: //input[@class=&#039;commonTextComp track_search_click&#039;]]
Session ID: f663348ca2772de995c27d34a44ba7ed" type="org.openqa.selenium.ElementClickInterceptedException">
      <![CDATA[org.openqa.selenium.ElementClickInterceptedException: element click intercepted: Element <input name="q" class="commonTextComp track_search_click" type="text" autocomplete="off" placeholder="Search"> is not clickable at point (615, 70). Other element would receive the click: <iframe marginheight="0" marginwidth="0" class="__st_preview_frame_bpn" style="display: block; z-index: 16776272; height:100%; width:100%; position: fixed; visibility: visible; top: 0; overflow: hidden; bottom:0;" frameborder="0"></iframe>
  (Session info: chrome=114.0.5735.110)
Build info: version: '4.9.0', revision: 'd7057100a6'
System info: os.name: 'Windows 11', os.arch: 'amd64', os.version: '10.0', java.version: '17.0.6'
Driver info: org.openqa.selenium.chrome.ChromeDriver
Command: [f663348ca2772de995c27d34a44ba7ed, clickElement {id=16FC5FDA82F94CF8F6A77F7B458E9777_element_39}]
Capabilities {acceptInsecureCerts: false, browserName: chrome, browserVersion: 114.0.5735.110, chrome: {chromedriverVersion: 113.0.5672.63 (0e1a4471d5ae..., userDataDir: C:\Program Files (x86)\scop...}, goog:chromeOptions: {debuggerAddress: localhost:55844}, networkConnectionEnabled: false, pageLoadStrategy: normal, platformName: WINDOWS, proxy: Proxy(), se:cdp: ws://localhost:55844/devtoo..., se:cdpVersion: 114.0.5735.110, setWindowRect: true, strictFileInteractability: false, timeouts: {implicit: 0, pageLoad: 300000, script: 30000}, unhandledPromptBehavior: dismiss and notify, webauthn:extension:credBlob: true, webauthn:extension:largeBlob: true, webauthn:extension:minPinLength: true, webauthn:extension:prf: true, webauthn:virtualAuthenticators: true}
Element: [[ChromeDriver: chrome on WINDOWS (f663348ca2772de995c27d34a44ba7ed)] -> xpath: //input[@class='commonTextComp track_search_click']]
Session ID: f663348ca2772de995c27d34a44ba7ed
at java.base/jdk.internal.reflect.NativeConstructorAccessorImpl.newInstance0(Native Method)
at java.base/jdk.internal.reflect.NativeConstructorAccessorImpl.newInstance(NativeConstructorAccessorImpl.java:77)
at java.base/jdk.internal.reflect.DelegatingConstructorAccessorImpl.newInstance(DelegatingConstructorAccessorImpl.java:45)
at java.base/java.lang.reflect.Constructor.newInstanceWithCaller(Constructor.java:499)
at java.base/java.lang.reflect.Constructor.newInstance(Constructor.java:480)
at org.openqa.selenium.remote.codec.w3c.W3CHttpResponseCodec.createException(W3CHttpResponseCodec.java:200)
at org.openqa.selenium.remote.codec.w3c.W3CHttpResponseCodec.decode(W3CHttpResponseCodec.java:133)
at org.openqa.selenium.remote.codec.w3c.W3CHttpResponseCodec.decode(W3CHttpResponseCodec.java:53)
at org.openqa.selenium.remote.HttpCommandExecutor.execute(HttpCommandExecutor.java:193)
at org.openqa.selenium.remote.service.DriverCommandExecutor.invokeExecute(DriverCommandExecutor.java:183)
at org.openqa.selenium.remote.service.DriverCommandExecutor.execute(DriverCommandExecutor.java:158)
at org.openqa.selenium.remote.RemoteWebDriver.execute(RemoteWebDriver.java:543)
at org.openqa.selenium.remote.RemoteWebElement.execute(RemoteWebElement.java:257)
at org.openqa.selenium.remote.RemoteWebElement.click(RemoteWebElement.java:78)
at jdk.internal.reflect.GeneratedMethodAccessor71.invoke(Unknown Source)
at java.base/jdk.internal.reflect.DelegatingMethodAccessorImpl.invoke(DelegatingMethodAccessorImpl.java:43)
at java.base/java.lang.reflect.Method.invoke(Method.java:568)
at org.openqa.selenium.support.pagefactory.internal.LocatingElementHandler.invoke(LocatingElementHandler.java:52)
at jdk.proxy2/jdk.proxy2.$Proxy26.click(Unknown Source)
at com.pages.Page01_LandingPage.productListPageNavigation1(Page01_LandingPage.java:84)
at productdetails_stepdefinition_3.ProductDetails_StepDefinition_3.user_searches_the_product(ProductDetails_StepDefinition_3.java:81)
at ✽.User searches the product(file:///C:/Users/NBARBHUI/Desktop/My%20Main%20AsianPaints%20Project/AsianPaints_ProductDetails_Nurul/src/test/resources/features/ProductDetails3.feature:5)
]]>
    </error>
  </testcase> <!-- runScenario -->
  <system-out/>
  <testcase classname="testrunner.ProductDetails_TestRunner_3" name="runScenario" time="14.570">
    <error message="element click intercepted: Element &lt;input name=&quot;q&quot; class=&quot;commonTextComp track_search_click&quot; type=&quot;text&quot; autocomplete=&quot;off&quot; placeholder=&quot;Search&quot;&gt; is not clickable at point (615, 70). Other element would receive the click: &lt;iframe marginheight=&quot;0&quot; marginwidth=&quot;0&quot; class=&quot;__st_preview_frame_bpn&quot; style=&quot;display: block; z-index: 16776272; height:100%; width:100%; position: fixed; visibility: visible; top: 0; overflow: hidden; bottom:0;&quot; frameborder=&quot;0&quot;&gt;&lt;/iframe&gt;
  (Session info: chrome=114.0.5735.110)
Build info: version: &#039;4.9.0&#039;, revision: &#039;d7057100a6&#039;
System info: os.name: &#039;Windows 11&#039;, os.arch: &#039;amd64&#039;, os.version: &#039;10.0&#039;, java.version: &#039;17.0.6&#039;
Driver info: org.openqa.selenium.chrome.ChromeDriver
Command: [413eb7e5c4b6b310b0802553c8b0d8b6, clickElement {id=E1EDF5B99EBB99EBED01E4B824122E9B_element_44}]
Capabilities {acceptInsecureCerts: false, browserName: chrome, browserVersion: 114.0.5735.110, chrome: {chromedriverVersion: 113.0.5672.63 (0e1a4471d5ae..., userDataDir: C:\Program Files (x86)\scop...}, goog:chromeOptions: {debuggerAddress: localhost:55909}, networkConnectionEnabled: false, pageLoadStrategy: normal, platformName: WINDOWS, proxy: Proxy(), se:cdp: ws://localhost:55909/devtoo..., se:cdpVersion: 114.0.5735.110, setWindowRect: true, strictFileInteractability: false, timeouts: {implicit: 0, pageLoad: 300000, script: 30000}, unhandledPromptBehavior: dismiss and notify, webauthn:extension:credBlob: true, webauthn:extension:largeBlob: true, webauthn:extension:minPinLength: true, webauthn:extension:prf: true, webauthn:virtualAuthenticators: true}
Element: [[ChromeDriver: chrome on WINDOWS (413eb7e5c4b6b310b0802553c8b0d8b6)] -&gt; xpath: //input[@class=&#039;commonTextComp track_search_click&#039;]]
Session ID: 413eb7e5c4b6b310b0802553c8b0d8b6" type="org.openqa.selenium.ElementClickInterceptedException">
      <![CDATA[org.openqa.selenium.ElementClickInterceptedException: element click intercepted: Element <input name="q" class="commonTextComp track_search_click" type="text" autocomplete="off" placeholder="Search"> is not clickable at point (615, 70). Other element would receive the click: <iframe marginheight="0" marginwidth="0" class="__st_preview_frame_bpn" style="display: block; z-index: 16776272; height:100%; width:100%; position: fixed; visibility: visible; top: 0; overflow: hidden; bottom:0;" frameborder="0"></iframe>
  (Session info: chrome=114.0.5735.110)
Build info: version: '4.9.0', revision: 'd7057100a6'
System info: os.name: 'Windows 11', os.arch: 'amd64', os.version: '10.0', java.version: '17.0.6'
Driver info: org.openqa.selenium.chrome.ChromeDriver
Command: [413eb7e5c4b6b310b0802553c8b0d8b6, clickElement {id=E1EDF5B99EBB99EBED01E4B824122E9B_element_44}]
Capabilities {acceptInsecureCerts: false, browserName: chrome, browserVersion: 114.0.5735.110, chrome: {chromedriverVersion: 113.0.5672.63 (0e1a4471d5ae..., userDataDir: C:\Program Files (x86)\scop...}, goog:chromeOptions: {debuggerAddress: localhost:55909}, networkConnectionEnabled: false, pageLoadStrategy: normal, platformName: WINDOWS, proxy: Proxy(), se:cdp: ws://localhost:55909/devtoo..., se:cdpVersion: 114.0.5735.110, setWindowRect: true, strictFileInteractability: false, timeouts: {implicit: 0, pageLoad: 300000, script: 30000}, unhandledPromptBehavior: dismiss and notify, webauthn:extension:credBlob: true, webauthn:extension:largeBlob: true, webauthn:extension:minPinLength: true, webauthn:extension:prf: true, webauthn:virtualAuthenticators: true}
Element: [[ChromeDriver: chrome on WINDOWS (413eb7e5c4b6b310b0802553c8b0d8b6)] -> xpath: //input[@class='commonTextComp track_search_click']]
Session ID: 413eb7e5c4b6b310b0802553c8b0d8b6
at java.base/jdk.internal.reflect.NativeConstructorAccessorImpl.newInstance0(Native Method)
at java.base/jdk.internal.reflect.NativeConstructorAccessorImpl.newInstance(NativeConstructorAccessorImpl.java:77)
at java.base/jdk.internal.reflect.DelegatingConstructorAccessorImpl.newInstance(DelegatingConstructorAccessorImpl.java:45)
at java.base/java.lang.reflect.Constructor.newInstanceWithCaller(Constructor.java:499)
at java.base/java.lang.reflect.Constructor.newInstance(Constructor.java:480)
at org.openqa.selenium.remote.codec.w3c.W3CHttpResponseCodec.createException(W3CHttpResponseCodec.java:200)
at org.openqa.selenium.remote.codec.w3c.W3CHttpResponseCodec.decode(W3CHttpResponseCodec.java:133)
at org.openqa.selenium.remote.codec.w3c.W3CHttpResponseCodec.decode(W3CHttpResponseCodec.java:53)
at org.openqa.selenium.remote.HttpCommandExecutor.execute(HttpCommandExecutor.java:193)
at org.openqa.selenium.remote.service.DriverCommandExecutor.invokeExecute(DriverCommandExecutor.java:183)
at org.openqa.selenium.remote.service.DriverCommandExecutor.execute(DriverCommandExecutor.java:158)
at org.openqa.selenium.remote.RemoteWebDriver.execute(RemoteWebDriver.java:543)
at org.openqa.selenium.remote.RemoteWebElement.execute(RemoteWebElement.java:257)
at org.openqa.selenium.remote.RemoteWebElement.click(RemoteWebElement.java:78)
at jdk.internal.reflect.GeneratedMethodAccessor71.invoke(Unknown Source)
at java.base/jdk.internal.reflect.DelegatingMethodAccessorImpl.invoke(DelegatingMethodAccessorImpl.java:43)
at java.base/java.lang.reflect.Method.invoke(Method.java:568)
at org.openqa.selenium.support.pagefactory.internal.LocatingElementHandler.invoke(LocatingElementHandler.java:52)
at jdk.proxy2/jdk.proxy2.$Proxy26.click(Unknown Source)
at com.pages.Page01_LandingPage.productListPageNavigation1(Page01_LandingPage.java:84)
at productdetails_stepdefinition_3.ProductDetails_StepDefinition_3.user_searches_the_product(ProductDetails_StepDefinition_3.java:81)
at ✽.User searches the product(file:///C:/Users/NBARBHUI/Desktop/My%20Main%20AsianPaints%20Project/AsianPaints_ProductDetails_Nurul/src/test/resources/features/ProductDetails3.feature:5)
]]>
    </error>
  </testcase> <!-- runScenario -->
  <system-out/>
  <testcase classname="testrunner.ProductDetails_TestRunner_3" name="runScenario" time="56.828"/>
  <system-out/>
</testsuite> <!-- testrunner.ProductDetails_TestRunner_3 -->
